WARNING 2016-11-04 12:57:34,217 Not Found: /favicon.ico
WARNING 2016-11-04 12:57:34,217 Not Found: /favicon.ico
WARNING 2016-11-04 13:10:49,368 Not Found: /announce.php
WARNING 2016-11-04 13:10:49,369 Not Found: /announce.php
WARNING 2016-11-04 13:10:49,368 Not Found: /announce.php
WARNING 2016-11-04 13:10:49,369 Not Found: /announce.php
WARNING 2016-11-04 13:10:50,860 Not Found: /announce.php
WARNING 2016-11-04 13:10:50,861 Not Found: /announce.php
WARNING 2016-11-04 13:10:50,860 Not Found: /announce.php
WARNING 2016-11-04 13:10:50,861 Not Found: /announce.php
WARNING 2016-11-04 13:10:52,858 Not Found: /announce.php
WARNING 2016-11-04 13:10:52,858 Not Found: /announce.php
WARNING 2016-11-04 13:12:50,874 Not Found: /announce.php
WARNING 2016-11-04 13:12:50,875 Not Found: /announce.php
WARNING 2016-11-04 13:12:50,874 Not Found: /announce.php
WARNING 2016-11-04 13:12:50,875 Not Found: /announce.php
WARNING 2016-11-04 13:12:50,876 Not Found: /announce.php
WARNING 2016-11-04 13:12:50,877 Not Found: /announce.php
WARNING 2016-11-04 13:12:50,876 Not Found: /announce.php
WARNING 2016-11-04 13:12:50,877 Not Found: /announce.php
WARNING 2016-11-04 13:12:53,855 Not Found: /announce.php
WARNING 2016-11-04 13:12:53,856 Not Found: /announce.php
WARNING 2016-11-04 13:12:53,855 Not Found: /announce.php
WARNING 2016-11-04 13:12:53,856 Not Found: /announce.php
WARNING 2016-11-04 13:15:11,850 Not Found: /announce.php
WARNING 2016-11-04 13:15:11,851 Not Found: /announce.php
WARNING 2016-11-04 13:15:11,852 Not Found: /announce.php
WARNING 2016-11-04 13:15:11,850 Not Found: /announce.php
WARNING 2016-11-04 13:15:11,853 Not Found: /announce.php
WARNING 2016-11-04 13:15:11,851 Not Found: /announce.php
WARNING 2016-11-04 13:15:11,852 Not Found: /announce.php
WARNING 2016-11-04 13:15:11,853 Not Found: /announce.php
WARNING 2016-11-04 13:15:14,859 Not Found: /announce.php
WARNING 2016-11-04 13:15:14,859 Not Found: /announce.php
WARNING 2016-11-04 13:15:14,864 Not Found: /announce.php
WARNING 2016-11-04 13:15:14,864 Not Found: /announce.php
WARNING 2016-11-04 13:30:08,862 Not Found: /announce.php
WARNING 2016-11-04 13:30:08,863 Not Found: /announce.php
WARNING 2016-11-04 13:30:08,865 Not Found: /announce.php
WARNING 2016-11-04 13:30:08,866 Not Found: /announce.php
WARNING 2016-11-04 13:30:08,862 Not Found: /announce.php
WARNING 2016-11-04 13:30:08,863 Not Found: /announce.php
WARNING 2016-11-04 13:30:08,865 Not Found: /announce.php
WARNING 2016-11-04 13:30:08,866 Not Found: /announce.php
WARNING 2016-11-04 13:30:11,870 Not Found: /announce.php
WARNING 2016-11-04 13:30:11,871 Not Found: /announce.php
WARNING 2016-11-04 13:30:11,870 Not Found: /announce.php
WARNING 2016-11-04 13:30:11,871 Not Found: /announce.php
WARNING 2016-11-04 13:32:32,857 Not Found: /announce.php
WARNING 2016-11-04 13:32:32,858 Not Found: /announce.php
WARNING 2016-11-04 13:32:32,858 Not Found: /announce.php
WARNING 2016-11-04 13:32:32,857 Not Found: /announce.php
WARNING 2016-11-04 13:32:32,859 Not Found: /announce.php
WARNING 2016-11-04 13:32:32,858 Not Found: /announce.php
WARNING 2016-11-04 13:32:32,858 Not Found: /announce.php
WARNING 2016-11-04 13:32:32,859 Not Found: /announce.php
WARNING 2016-11-04 13:32:35,865 Not Found: /announce.php
WARNING 2016-11-04 13:32:35,867 Not Found: /announce.php
WARNING 2016-11-04 13:32:35,865 Not Found: /announce.php
WARNING 2016-11-04 13:32:35,867 Not Found: /announce.php
WARNING 2016-11-04 13:34:38,854 Not Found: /announce.php
WARNING 2016-11-04 13:34:38,854 Not Found: /announce.php
WARNING 2016-11-04 13:34:50,863 Not Found: /announce.php
WARNING 2016-11-04 13:34:50,865 Not Found: /announce.php
WARNING 2016-11-04 13:34:50,866 Not Found: /announce.php
WARNING 2016-11-04 13:34:50,863 Not Found: /announce.php
WARNING 2016-11-04 13:34:50,865 Not Found: /announce.php
WARNING 2016-11-04 13:34:50,866 Not Found: /announce.php
WARNING 2016-11-04 13:40:50,917 Not Found: /announce.php
WARNING 2016-11-04 13:40:50,918 Not Found: /announce.php
WARNING 2016-11-04 13:40:50,917 Not Found: /announce.php
WARNING 2016-11-04 13:40:50,918 Not Found: /announce.php
WARNING 2016-11-04 13:40:53,861 Not Found: /announce.php
WARNING 2016-11-04 13:40:53,865 Not Found: /announce.php
WARNING 2016-11-04 13:40:53,861 Not Found: /announce.php
WARNING 2016-11-04 13:40:53,865 Not Found: /announce.php
WARNING 2016-11-04 13:40:55,855 Not Found: /announce.php
WARNING 2016-11-04 13:40:55,855 Not Found: /announce.php
WARNING 2016-11-04 13:42:53,853 Not Found: /announce.php
WARNING 2016-11-04 13:42:53,854 Not Found: /announce.php
WARNING 2016-11-04 13:42:53,855 Not Found: /announce.php
WARNING 2016-11-04 13:42:53,855 Not Found: /announce.php
WARNING 2016-11-04 13:42:53,853 Not Found: /announce.php
WARNING 2016-11-04 13:42:53,854 Not Found: /announce.php
WARNING 2016-11-04 13:42:53,855 Not Found: /announce.php
WARNING 2016-11-04 13:42:53,855 Not Found: /announce.php
WARNING 2016-11-04 13:42:56,863 Not Found: /announce.php
WARNING 2016-11-04 13:42:56,865 Not Found: /announce.php
WARNING 2016-11-04 13:42:56,863 Not Found: /announce.php
WARNING 2016-11-04 13:42:56,865 Not Found: /announce.php
WARNING 2016-11-04 13:45:14,869 Not Found: /announce.php
WARNING 2016-11-04 13:45:14,871 Not Found: /announce.php
WARNING 2016-11-04 13:45:14,873 Not Found: /announce.php
WARNING 2016-11-04 13:45:14,875 Not Found: /announce.php
WARNING 2016-11-04 13:45:14,869 Not Found: /announce.php
WARNING 2016-11-04 13:45:14,871 Not Found: /announce.php
WARNING 2016-11-04 13:45:14,873 Not Found: /announce.php
WARNING 2016-11-04 13:45:14,875 Not Found: /announce.php
WARNING 2016-11-04 13:45:17,854 Not Found: /announce.php
WARNING 2016-11-04 13:45:17,855 Not Found: /announce.php
WARNING 2016-11-04 13:45:17,854 Not Found: /announce.php
WARNING 2016-11-04 13:45:17,855 Not Found: /announce.php
WARNING 2016-11-04 14:00:11,877 Not Found: /announce.php
WARNING 2016-11-04 14:00:11,879 Not Found: /announce.php
WARNING 2016-11-04 14:00:11,881 Not Found: /announce.php
WARNING 2016-11-04 14:00:11,883 Not Found: /announce.php
WARNING 2016-11-04 14:00:11,877 Not Found: /announce.php
WARNING 2016-11-04 14:00:11,879 Not Found: /announce.php
WARNING 2016-11-04 14:00:11,881 Not Found: /announce.php
WARNING 2016-11-04 14:00:11,883 Not Found: /announce.php
WARNING 2016-11-04 14:00:14,885 Not Found: /announce.php
WARNING 2016-11-04 14:00:14,887 Not Found: /announce.php
WARNING 2016-11-04 14:00:14,885 Not Found: /announce.php
WARNING 2016-11-04 14:00:14,887 Not Found: /announce.php
WARNING 2016-11-04 14:02:35,873 Not Found: /announce.php
WARNING 2016-11-04 14:02:35,873 Not Found: /announce.php
WARNING 2016-11-04 14:02:35,874 Not Found: /announce.php
WARNING 2016-11-04 14:02:35,873 Not Found: /announce.php
WARNING 2016-11-04 14:02:35,875 Not Found: /announce.php
WARNING 2016-11-04 14:02:35,873 Not Found: /announce.php
WARNING 2016-11-04 14:02:35,874 Not Found: /announce.php
WARNING 2016-11-04 14:02:35,875 Not Found: /announce.php
WARNING 2016-11-04 14:02:38,849 Not Found: /announce.php
WARNING 2016-11-04 14:02:38,851 Not Found: /announce.php
WARNING 2016-11-04 14:02:38,849 Not Found: /announce.php
WARNING 2016-11-04 14:02:38,851 Not Found: /announce.php
WARNING 2016-11-04 14:04:41,860 Not Found: /announce.php
WARNING 2016-11-04 14:04:41,860 Not Found: /announce.php
WARNING 2016-11-04 14:04:53,846 Not Found: /announce.php
WARNING 2016-11-04 14:04:53,847 Not Found: /announce.php
WARNING 2016-11-04 14:04:53,848 Not Found: /announce.php
WARNING 2016-11-04 14:04:53,846 Not Found: /announce.php
WARNING 2016-11-04 14:04:53,847 Not Found: /announce.php
WARNING 2016-11-04 14:04:53,848 Not Found: /announce.php
WARNING 2016-11-04 14:10:53,863 Not Found: /announce.php
WARNING 2016-11-04 14:10:53,865 Not Found: /announce.php
WARNING 2016-11-04 14:10:53,863 Not Found: /announce.php
WARNING 2016-11-04 14:10:53,865 Not Found: /announce.php
WARNING 2016-11-04 14:10:56,857 Not Found: /announce.php
WARNING 2016-11-04 14:10:56,858 Not Found: /announce.php
WARNING 2016-11-04 14:10:56,858 Not Found: /announce.php
WARNING 2016-11-04 14:10:56,857 Not Found: /announce.php
WARNING 2016-11-04 14:10:58,864 Not Found: /announce.php
WARNING 2016-11-04 14:10:58,864 Not Found: /announce.php
WARNING 2016-11-04 14:12:56,862 Not Found: /announce.php
WARNING 2016-11-04 14:12:56,863 Not Found: /announce.php
WARNING 2016-11-04 14:12:56,864 Not Found: /announce.php
WARNING 2016-11-04 14:12:56,864 Not Found: /announce.php
WARNING 2016-11-04 14:12:56,865 Not Found: /announce.php
WARNING 2016-11-04 14:12:56,863 Not Found: /announce.php
WARNING 2016-11-04 14:12:56,862 Not Found: /announce.php
WARNING 2016-11-04 14:12:56,865 Not Found: /announce.php
WARNING 2016-11-04 14:12:59,859 Not Found: /announce.php
WARNING 2016-11-04 14:12:59,860 Not Found: /announce.php
WARNING 2016-11-04 14:12:59,859 Not Found: /announce.php
WARNING 2016-11-04 14:12:59,860 Not Found: /announce.php
WARNING 2016-11-04 14:15:17,882 Not Found: /announce.php
WARNING 2016-11-04 14:15:17,882 Not Found: /announce.php
WARNING 2016-11-04 14:15:17,882 Not Found: /announce.php
WARNING 2016-11-04 14:15:17,885 Not Found: /announce.php
WARNING 2016-11-04 14:15:17,886 Not Found: /announce.php
WARNING 2016-11-04 14:15:17,882 Not Found: /announce.php
WARNING 2016-11-04 14:15:17,885 Not Found: /announce.php
WARNING 2016-11-04 14:15:17,886 Not Found: /announce.php
WARNING 2016-11-04 14:15:20,868 Not Found: /announce.php
WARNING 2016-11-04 14:15:20,869 Not Found: /announce.php
WARNING 2016-11-04 14:15:20,868 Not Found: /announce.php
WARNING 2016-11-04 14:15:20,869 Not Found: /announce.php
ERROR 2016-11-04 14:21:59,874 Internal Server Error: /profileedit/
Traceback (most recent call last):
  File "C:\Python34\lib\site-packages\django\core\handlers\base.py", line 119, in get_response
    resolver_match = resolver.resolve(request.path_info)
  File "C:\Python34\lib\site-packages\django\core\urlresolvers.py", line 368, in resolve
    sub_match = pattern.resolve(new_path)
  File "C:\Python34\lib\site-packages\django\core\urlresolvers.py", line 240, in resolve
    return ResolverMatch(self.callback, args, kwargs, self.name)
  File "C:\Python34\lib\site-packages\django\core\urlresolvers.py", line 247, in callback
    self._callback = get_callable(self._callback_str)
  File "C:\Python34\lib\functools.py", line 448, in wrapper
    result = user_function(*args, **kwds)
  File "C:\Python34\lib\site-packages\django\core\urlresolvers.py", line 106, in get_callable
    mod = import_module(mod_name)
  File "C:\Python34\lib\importlib\__init__.py", line 109, in import_module
    return _bootstrap._gcd_import(name[level:], package, level)
  File "<frozen importlib._bootstrap>", line 2254, in _gcd_import
  File "<frozen importlib._bootstrap>", line 2237, in _find_and_load
  File "<frozen importlib._bootstrap>", line 2226, in _find_and_load_unlocked
  File "<frozen importlib._bootstrap>", line 1200, in _load_unlocked
  File "<frozen importlib._bootstrap>", line 1129, in _exec
  File "<frozen importlib._bootstrap>", line 1467, in exec_module
  File "<frozen importlib._bootstrap>", line 1572, in get_code
  File "<frozen importlib._bootstrap>", line 1532, in source_to_code
  File "<frozen importlib._bootstrap>", line 321, in _call_with_frames_removed
  File "C:\uav\frontend\views\profile\frontend_profile_edit.py", line 42
    myuser.save()
    ^
IndentationError: unexpected indent
ERROR 2016-11-04 14:21:59,874 Internal Server Error: /profileedit/
Traceback (most recent call last):
  File "C:\Python34\lib\site-packages\django\core\handlers\base.py", line 119, in get_response
    resolver_match = resolver.resolve(request.path_info)
  File "C:\Python34\lib\site-packages\django\core\urlresolvers.py", line 368, in resolve
    sub_match = pattern.resolve(new_path)
  File "C:\Python34\lib\site-packages\django\core\urlresolvers.py", line 240, in resolve
    return ResolverMatch(self.callback, args, kwargs, self.name)
  File "C:\Python34\lib\site-packages\django\core\urlresolvers.py", line 247, in callback
    self._callback = get_callable(self._callback_str)
  File "C:\Python34\lib\functools.py", line 448, in wrapper
    result = user_function(*args, **kwds)
  File "C:\Python34\lib\site-packages\django\core\urlresolvers.py", line 106, in get_callable
    mod = import_module(mod_name)
  File "C:\Python34\lib\importlib\__init__.py", line 109, in import_module
    return _bootstrap._gcd_import(name[level:], package, level)
  File "<frozen importlib._bootstrap>", line 2254, in _gcd_import
  File "<frozen importlib._bootstrap>", line 2237, in _find_and_load
  File "<frozen importlib._bootstrap>", line 2226, in _find_and_load_unlocked
  File "<frozen importlib._bootstrap>", line 1200, in _load_unlocked
  File "<frozen importlib._bootstrap>", line 1129, in _exec
  File "<frozen importlib._bootstrap>", line 1467, in exec_module
  File "<frozen importlib._bootstrap>", line 1572, in get_code
  File "<frozen importlib._bootstrap>", line 1532, in source_to_code
  File "<frozen importlib._bootstrap>", line 321, in _call_with_frames_removed
  File "C:\uav\frontend\views\profile\frontend_profile_edit.py", line 42
    myuser.save()
    ^
IndentationError: unexpected indent
ERROR 2016-11-04 14:22:58,714 Internal Server Error: /profileedit/
Traceback (most recent call last):
  File "C:\Python34\lib\site-packages\django\core\handlers\base.py", line 119, in get_response
    resolver_match = resolver.resolve(request.path_info)
  File "C:\Python34\lib\site-packages\django\core\urlresolvers.py", line 368, in resolve
    sub_match = pattern.resolve(new_path)
  File "C:\Python34\lib\site-packages\django\core\urlresolvers.py", line 240, in resolve
    return ResolverMatch(self.callback, args, kwargs, self.name)
  File "C:\Python34\lib\site-packages\django\core\urlresolvers.py", line 247, in callback
    self._callback = get_callable(self._callback_str)
  File "C:\Python34\lib\functools.py", line 448, in wrapper
    result = user_function(*args, **kwds)
  File "C:\Python34\lib\site-packages\django\core\urlresolvers.py", line 106, in get_callable
    mod = import_module(mod_name)
  File "C:\Python34\lib\importlib\__init__.py", line 109, in import_module
    return _bootstrap._gcd_import(name[level:], package, level)
  File "<frozen importlib._bootstrap>", line 2254, in _gcd_import
  File "<frozen importlib._bootstrap>", line 2237, in _find_and_load
  File "<frozen importlib._bootstrap>", line 2226, in _find_and_load_unlocked
  File "<frozen importlib._bootstrap>", line 1200, in _load_unlocked
  File "<frozen importlib._bootstrap>", line 1129, in _exec
  File "<frozen importlib._bootstrap>", line 1467, in exec_module
  File "<frozen importlib._bootstrap>", line 1572, in get_code
  File "<frozen importlib._bootstrap>", line 1532, in source_to_code
  File "<frozen importlib._bootstrap>", line 321, in _call_with_frames_removed
  File "C:\uav\frontend\views\profile\frontend_profile_edit.py", line 42
    myuser.save()
    ^
IndentationError: unexpected indent
ERROR 2016-11-04 14:22:58,714 Internal Server Error: /profileedit/
Traceback (most recent call last):
  File "C:\Python34\lib\site-packages\django\core\handlers\base.py", line 119, in get_response
    resolver_match = resolver.resolve(request.path_info)
  File "C:\Python34\lib\site-packages\django\core\urlresolvers.py", line 368, in resolve
    sub_match = pattern.resolve(new_path)
  File "C:\Python34\lib\site-packages\django\core\urlresolvers.py", line 240, in resolve
    return ResolverMatch(self.callback, args, kwargs, self.name)
  File "C:\Python34\lib\site-packages\django\core\urlresolvers.py", line 247, in callback
    self._callback = get_callable(self._callback_str)
  File "C:\Python34\lib\functools.py", line 448, in wrapper
    result = user_function(*args, **kwds)
  File "C:\Python34\lib\site-packages\django\core\urlresolvers.py", line 106, in get_callable
    mod = import_module(mod_name)
  File "C:\Python34\lib\importlib\__init__.py", line 109, in import_module
    return _bootstrap._gcd_import(name[level:], package, level)
  File "<frozen importlib._bootstrap>", line 2254, in _gcd_import
  File "<frozen importlib._bootstrap>", line 2237, in _find_and_load
  File "<frozen importlib._bootstrap>", line 2226, in _find_and_load_unlocked
  File "<frozen importlib._bootstrap>", line 1200, in _load_unlocked
  File "<frozen importlib._bootstrap>", line 1129, in _exec
  File "<frozen importlib._bootstrap>", line 1467, in exec_module
  File "<frozen importlib._bootstrap>", line 1572, in get_code
  File "<frozen importlib._bootstrap>", line 1532, in source_to_code
  File "<frozen importlib._bootstrap>", line 321, in _call_with_frames_removed
  File "C:\uav\frontend\views\profile\frontend_profile_edit.py", line 42
    myuser.save()
    ^
IndentationError: unexpected indent
ERROR 2016-11-04 14:23:20,785 Internal Server Error: /profileedit/
Traceback (most recent call last):
  File "C:\Python34\lib\site-packages\django\core\handlers\base.py", line 119, in get_response
    resolver_match = resolver.resolve(request.path_info)
  File "C:\Python34\lib\site-packages\django\core\urlresolvers.py", line 368, in resolve
    sub_match = pattern.resolve(new_path)
  File "C:\Python34\lib\site-packages\django\core\urlresolvers.py", line 240, in resolve
    return ResolverMatch(self.callback, args, kwargs, self.name)
  File "C:\Python34\lib\site-packages\django\core\urlresolvers.py", line 247, in callback
    self._callback = get_callable(self._callback_str)
  File "C:\Python34\lib\functools.py", line 448, in wrapper
    result = user_function(*args, **kwds)
  File "C:\Python34\lib\site-packages\django\core\urlresolvers.py", line 106, in get_callable
    mod = import_module(mod_name)
  File "C:\Python34\lib\importlib\__init__.py", line 109, in import_module
    return _bootstrap._gcd_import(name[level:], package, level)
  File "<frozen importlib._bootstrap>", line 2254, in _gcd_import
  File "<frozen importlib._bootstrap>", line 2237, in _find_and_load
  File "<frozen importlib._bootstrap>", line 2226, in _find_and_load_unlocked
  File "<frozen importlib._bootstrap>", line 1200, in _load_unlocked
  File "<frozen importlib._bootstrap>", line 1129, in _exec
  File "<frozen importlib._bootstrap>", line 1467, in exec_module
  File "<frozen importlib._bootstrap>", line 1572, in get_code
  File "<frozen importlib._bootstrap>", line 1532, in source_to_code
  File "<frozen importlib._bootstrap>", line 321, in _call_with_frames_removed
  File "C:\uav\frontend\views\profile\frontend_profile_edit.py", line 49
    except  Exception, e:
                     ^
SyntaxError: invalid syntax
ERROR 2016-11-04 14:23:20,785 Internal Server Error: /profileedit/
Traceback (most recent call last):
  File "C:\Python34\lib\site-packages\django\core\handlers\base.py", line 119, in get_response
    resolver_match = resolver.resolve(request.path_info)
  File "C:\Python34\lib\site-packages\django\core\urlresolvers.py", line 368, in resolve
    sub_match = pattern.resolve(new_path)
  File "C:\Python34\lib\site-packages\django\core\urlresolvers.py", line 240, in resolve
    return ResolverMatch(self.callback, args, kwargs, self.name)
  File "C:\Python34\lib\site-packages\django\core\urlresolvers.py", line 247, in callback
    self._callback = get_callable(self._callback_str)
  File "C:\Python34\lib\functools.py", line 448, in wrapper
    result = user_function(*args, **kwds)
  File "C:\Python34\lib\site-packages\django\core\urlresolvers.py", line 106, in get_callable
    mod = import_module(mod_name)
  File "C:\Python34\lib\importlib\__init__.py", line 109, in import_module
    return _bootstrap._gcd_import(name[level:], package, level)
  File "<frozen importlib._bootstrap>", line 2254, in _gcd_import
  File "<frozen importlib._bootstrap>", line 2237, in _find_and_load
  File "<frozen importlib._bootstrap>", line 2226, in _find_and_load_unlocked
  File "<frozen importlib._bootstrap>", line 1200, in _load_unlocked
  File "<frozen importlib._bootstrap>", line 1129, in _exec
  File "<frozen importlib._bootstrap>", line 1467, in exec_module
  File "<frozen importlib._bootstrap>", line 1572, in get_code
  File "<frozen importlib._bootstrap>", line 1532, in source_to_code
  File "<frozen importlib._bootstrap>", line 321, in _call_with_frames_removed
  File "C:\uav\frontend\views\profile\frontend_profile_edit.py", line 49
    except  Exception, e:
                     ^
SyntaxError: invalid syntax
ERROR 2016-11-04 14:23:58,225 Internal Server Error: /profileedit/
Traceback (most recent call last):
  File "C:\Python34\lib\site-packages\django\core\handlers\base.py", line 119, in get_response
    resolver_match = resolver.resolve(request.path_info)
  File "C:\Python34\lib\site-packages\django\core\urlresolvers.py", line 368, in resolve
    sub_match = pattern.resolve(new_path)
  File "C:\Python34\lib\site-packages\django\core\urlresolvers.py", line 240, in resolve
    return ResolverMatch(self.callback, args, kwargs, self.name)
  File "C:\Python34\lib\site-packages\django\core\urlresolvers.py", line 247, in callback
    self._callback = get_callable(self._callback_str)
  File "C:\Python34\lib\functools.py", line 448, in wrapper
    result = user_function(*args, **kwds)
  File "C:\Python34\lib\site-packages\django\core\urlresolvers.py", line 106, in get_callable
    mod = import_module(mod_name)
  File "C:\Python34\lib\importlib\__init__.py", line 109, in import_module
    return _bootstrap._gcd_import(name[level:], package, level)
  File "<frozen importlib._bootstrap>", line 2254, in _gcd_import
  File "<frozen importlib._bootstrap>", line 2237, in _find_and_load
  File "<frozen importlib._bootstrap>", line 2226, in _find_and_load_unlocked
  File "<frozen importlib._bootstrap>", line 1200, in _load_unlocked
  File "<frozen importlib._bootstrap>", line 1129, in _exec
  File "<frozen importlib._bootstrap>", line 1467, in exec_module
  File "<frozen importlib._bootstrap>", line 1572, in get_code
  File "<frozen importlib._bootstrap>", line 1532, in source_to_code
  File "<frozen importlib._bootstrap>", line 321, in _call_with_frames_removed
  File "C:\uav\frontend\views\profile\frontend_profile_edit.py", line 42
    myuser.save()
    ^
IndentationError: unexpected indent
ERROR 2016-11-04 14:23:58,225 Internal Server Error: /profileedit/
Traceback (most recent call last):
  File "C:\Python34\lib\site-packages\django\core\handlers\base.py", line 119, in get_response
    resolver_match = resolver.resolve(request.path_info)
  File "C:\Python34\lib\site-packages\django\core\urlresolvers.py", line 368, in resolve
    sub_match = pattern.resolve(new_path)
  File "C:\Python34\lib\site-packages\django\core\urlresolvers.py", line 240, in resolve
    return ResolverMatch(self.callback, args, kwargs, self.name)
  File "C:\Python34\lib\site-packages\django\core\urlresolvers.py", line 247, in callback
    self._callback = get_callable(self._callback_str)
  File "C:\Python34\lib\functools.py", line 448, in wrapper
    result = user_function(*args, **kwds)
  File "C:\Python34\lib\site-packages\django\core\urlresolvers.py", line 106, in get_callable
    mod = import_module(mod_name)
  File "C:\Python34\lib\importlib\__init__.py", line 109, in import_module
    return _bootstrap._gcd_import(name[level:], package, level)
  File "<frozen importlib._bootstrap>", line 2254, in _gcd_import
  File "<frozen importlib._bootstrap>", line 2237, in _find_and_load
  File "<frozen importlib._bootstrap>", line 2226, in _find_and_load_unlocked
  File "<frozen importlib._bootstrap>", line 1200, in _load_unlocked
  File "<frozen importlib._bootstrap>", line 1129, in _exec
  File "<frozen importlib._bootstrap>", line 1467, in exec_module
  File "<frozen importlib._bootstrap>", line 1572, in get_code
  File "<frozen importlib._bootstrap>", line 1532, in source_to_code
  File "<frozen importlib._bootstrap>", line 321, in _call_with_frames_removed
  File "C:\uav\frontend\views\profile\frontend_profile_edit.py", line 42
    myuser.save()
    ^
IndentationError: unexpected indent
ERROR 2016-11-04 14:24:22,536 Internal Server Error: /profileedit/
Traceback (most recent call last):
  File "C:\Python34\lib\site-packages\django\core\handlers\base.py", line 119, in get_response
    resolver_match = resolver.resolve(request.path_info)
  File "C:\Python34\lib\site-packages\django\core\urlresolvers.py", line 368, in resolve
    sub_match = pattern.resolve(new_path)
  File "C:\Python34\lib\site-packages\django\core\urlresolvers.py", line 240, in resolve
    return ResolverMatch(self.callback, args, kwargs, self.name)
  File "C:\Python34\lib\site-packages\django\core\urlresolvers.py", line 247, in callback
    self._callback = get_callable(self._callback_str)
  File "C:\Python34\lib\functools.py", line 448, in wrapper
    result = user_function(*args, **kwds)
  File "C:\Python34\lib\site-packages\django\core\urlresolvers.py", line 106, in get_callable
    mod = import_module(mod_name)
  File "C:\Python34\lib\importlib\__init__.py", line 109, in import_module
    return _bootstrap._gcd_import(name[level:], package, level)
  File "<frozen importlib._bootstrap>", line 2254, in _gcd_import
  File "<frozen importlib._bootstrap>", line 2237, in _find_and_load
  File "<frozen importlib._bootstrap>", line 2226, in _find_and_load_unlocked
  File "<frozen importlib._bootstrap>", line 1200, in _load_unlocked
  File "<frozen importlib._bootstrap>", line 1129, in _exec
  File "<frozen importlib._bootstrap>", line 1467, in exec_module
  File "<frozen importlib._bootstrap>", line 1572, in get_code
  File "<frozen importlib._bootstrap>", line 1532, in source_to_code
  File "<frozen importlib._bootstrap>", line 321, in _call_with_frames_removed
  File "C:\uav\frontend\views\profile\frontend_profile_edit.py", line 42
    myuser.save()
    ^
IndentationError: unexpected indent
ERROR 2016-11-04 14:24:22,536 Internal Server Error: /profileedit/
Traceback (most recent call last):
  File "C:\Python34\lib\site-packages\django\core\handlers\base.py", line 119, in get_response
    resolver_match = resolver.resolve(request.path_info)
  File "C:\Python34\lib\site-packages\django\core\urlresolvers.py", line 368, in resolve
    sub_match = pattern.resolve(new_path)
  File "C:\Python34\lib\site-packages\django\core\urlresolvers.py", line 240, in resolve
    return ResolverMatch(self.callback, args, kwargs, self.name)
  File "C:\Python34\lib\site-packages\django\core\urlresolvers.py", line 247, in callback
    self._callback = get_callable(self._callback_str)
  File "C:\Python34\lib\functools.py", line 448, in wrapper
    result = user_function(*args, **kwds)
  File "C:\Python34\lib\site-packages\django\core\urlresolvers.py", line 106, in get_callable
    mod = import_module(mod_name)
  File "C:\Python34\lib\importlib\__init__.py", line 109, in import_module
    return _bootstrap._gcd_import(name[level:], package, level)
  File "<frozen importlib._bootstrap>", line 2254, in _gcd_import
  File "<frozen importlib._bootstrap>", line 2237, in _find_and_load
  File "<frozen importlib._bootstrap>", line 2226, in _find_and_load_unlocked
  File "<frozen importlib._bootstrap>", line 1200, in _load_unlocked
  File "<frozen importlib._bootstrap>", line 1129, in _exec
  File "<frozen importlib._bootstrap>", line 1467, in exec_module
  File "<frozen importlib._bootstrap>", line 1572, in get_code
  File "<frozen importlib._bootstrap>", line 1532, in source_to_code
  File "<frozen importlib._bootstrap>", line 321, in _call_with_frames_removed
  File "C:\uav\frontend\views\profile\frontend_profile_edit.py", line 42
    myuser.save()
    ^
IndentationError: unexpected indent
WARNING 2016-11-04 14:30:14,841 Not Found: /announce.php
WARNING 2016-11-04 14:30:14,844 Not Found: /announce.php
WARNING 2016-11-04 14:30:14,846 Not Found: /announce.php
WARNING 2016-11-04 14:30:14,849 Not Found: /announce.php
WARNING 2016-11-04 14:30:14,841 Not Found: /announce.php
WARNING 2016-11-04 14:30:14,844 Not Found: /announce.php
WARNING 2016-11-04 14:30:14,846 Not Found: /announce.php
WARNING 2016-11-04 14:30:14,849 Not Found: /announce.php
WARNING 2016-11-04 14:30:17,847 Not Found: /announce.php
WARNING 2016-11-04 14:30:17,850 Not Found: /announce.php
WARNING 2016-11-04 14:30:17,847 Not Found: /announce.php
WARNING 2016-11-04 14:30:17,850 Not Found: /announce.php
ERROR 2016-11-04 14:31:24,474 Internal Server Error: /profileedit/
Traceback (most recent call last):
  File "C:\uav\frontend\views\profile\frontend_profile_edit.py", line 42, in frontend_profile_edit
    myuser.saeve()
  File "C:\Python34\lib\site-packages\django\utils\functional.py", line 227, in inner
    return func(self._wrapped, *args)
AttributeError: 'MyUser' object has no attribute 'saeve'

During handling of the above exception, another exception occurred:

Traceback (most recent call last):
  File "C:\Python34\lib\site-packages\django\core\handlers\base.py", line 132, in get_response
    response = wrapped_callback(request, *callback_args, **callback_kwargs)
  File "C:\Python34\lib\site-packages\django\contrib\auth\decorators.py", line 22, in _wrapped_view
    return view_func(request, *args, **kwargs)
  File "C:\uav\frontend\views\profile\frontend_profile_edit.py", line 49, in frontend_profile_edit
    except  e:
NameError: name 'e' is not defined
ERROR 2016-11-04 14:31:24,474 Internal Server Error: /profileedit/
Traceback (most recent call last):
  File "C:\uav\frontend\views\profile\frontend_profile_edit.py", line 42, in frontend_profile_edit
    myuser.saeve()
  File "C:\Python34\lib\site-packages\django\utils\functional.py", line 227, in inner
    return func(self._wrapped, *args)
AttributeError: 'MyUser' object has no attribute 'saeve'

During handling of the above exception, another exception occurred:

Traceback (most recent call last):
  File "C:\Python34\lib\site-packages\django\core\handlers\base.py", line 132, in get_response
    response = wrapped_callback(request, *callback_args, **callback_kwargs)
  File "C:\Python34\lib\site-packages\django\contrib\auth\decorators.py", line 22, in _wrapped_view
    return view_func(request, *args, **kwargs)
  File "C:\uav\frontend\views\profile\frontend_profile_edit.py", line 49, in frontend_profile_edit
    except  e:
NameError: name 'e' is not defined
WARNING 2016-11-04 14:32:38,849 Not Found: /announce.php
WARNING 2016-11-04 14:32:38,851 Not Found: /announce.php
WARNING 2016-11-04 14:32:38,852 Not Found: /announce.php
WARNING 2016-11-04 14:32:38,854 Not Found: /announce.php
WARNING 2016-11-04 14:32:38,849 Not Found: /announce.php
WARNING 2016-11-04 14:32:38,851 Not Found: /announce.php
WARNING 2016-11-04 14:32:38,852 Not Found: /announce.php
WARNING 2016-11-04 14:32:38,854 Not Found: /announce.php
WARNING 2016-11-04 14:32:41,861 Not Found: /announce.php
WARNING 2016-11-04 14:32:41,862 Not Found: /announce.php
WARNING 2016-11-04 14:32:41,861 Not Found: /announce.php
WARNING 2016-11-04 14:32:41,862 Not Found: /announce.php
WARNING 2016-11-04 14:34:44,866 Not Found: /announce.php
WARNING 2016-11-04 14:34:44,866 Not Found: /announce.php
WARNING 2016-11-04 14:34:56,858 Not Found: /announce.php
WARNING 2016-11-04 14:34:56,861 Not Found: /announce.php
WARNING 2016-11-04 14:34:56,863 Not Found: /announce.php
WARNING 2016-11-04 14:34:56,863 Not Found: /announce.php
WARNING 2016-11-04 14:34:56,861 Not Found: /announce.php
WARNING 2016-11-04 14:34:56,858 Not Found: /announce.php
ERROR 2016-11-04 14:35:52,812 Internal Server Error: /profileedit/
Traceback (most recent call last):
  File "C:\Python34\lib\site-packages\django\core\handlers\base.py", line 119, in get_response
    resolver_match = resolver.resolve(request.path_info)
  File "C:\Python34\lib\site-packages\django\core\urlresolvers.py", line 368, in resolve
    sub_match = pattern.resolve(new_path)
  File "C:\Python34\lib\site-packages\django\core\urlresolvers.py", line 240, in resolve
    return ResolverMatch(self.callback, args, kwargs, self.name)
  File "C:\Python34\lib\site-packages\django\core\urlresolvers.py", line 247, in callback
    self._callback = get_callable(self._callback_str)
  File "C:\Python34\lib\functools.py", line 448, in wrapper
    result = user_function(*args, **kwds)
  File "C:\Python34\lib\site-packages\django\core\urlresolvers.py", line 106, in get_callable
    mod = import_module(mod_name)
  File "C:\Python34\lib\importlib\__init__.py", line 109, in import_module
    return _bootstrap._gcd_import(name[level:], package, level)
  File "<frozen importlib._bootstrap>", line 2254, in _gcd_import
  File "<frozen importlib._bootstrap>", line 2237, in _find_and_load
  File "<frozen importlib._bootstrap>", line 2226, in _find_and_load_unlocked
  File "<frozen importlib._bootstrap>", line 1200, in _load_unlocked
  File "<frozen importlib._bootstrap>", line 1129, in _exec
  File "<frozen importlib._bootstrap>", line 1467, in exec_module
  File "<frozen importlib._bootstrap>", line 1572, in get_code
  File "<frozen importlib._bootstrap>", line 1532, in source_to_code
  File "<frozen importlib._bootstrap>", line 321, in _call_with_frames_removed
  File "C:\uav\frontend\views\profile\frontend_profile_edit.py", line 49
    except Exception, e:
                    ^
SyntaxError: invalid syntax
ERROR 2016-11-04 14:35:52,812 Internal Server Error: /profileedit/
Traceback (most recent call last):
  File "C:\Python34\lib\site-packages\django\core\handlers\base.py", line 119, in get_response
    resolver_match = resolver.resolve(request.path_info)
  File "C:\Python34\lib\site-packages\django\core\urlresolvers.py", line 368, in resolve
    sub_match = pattern.resolve(new_path)
  File "C:\Python34\lib\site-packages\django\core\urlresolvers.py", line 240, in resolve
    return ResolverMatch(self.callback, args, kwargs, self.name)
  File "C:\Python34\lib\site-packages\django\core\urlresolvers.py", line 247, in callback
    self._callback = get_callable(self._callback_str)
  File "C:\Python34\lib\functools.py", line 448, in wrapper
    result = user_function(*args, **kwds)
  File "C:\Python34\lib\site-packages\django\core\urlresolvers.py", line 106, in get_callable
    mod = import_module(mod_name)
  File "C:\Python34\lib\importlib\__init__.py", line 109, in import_module
    return _bootstrap._gcd_import(name[level:], package, level)
  File "<frozen importlib._bootstrap>", line 2254, in _gcd_import
  File "<frozen importlib._bootstrap>", line 2237, in _find_and_load
  File "<frozen importlib._bootstrap>", line 2226, in _find_and_load_unlocked
  File "<frozen importlib._bootstrap>", line 1200, in _load_unlocked
  File "<frozen importlib._bootstrap>", line 1129, in _exec
  File "<frozen importlib._bootstrap>", line 1467, in exec_module
  File "<frozen importlib._bootstrap>", line 1572, in get_code
  File "<frozen importlib._bootstrap>", line 1532, in source_to_code
  File "<frozen importlib._bootstrap>", line 321, in _call_with_frames_removed
  File "C:\uav\frontend\views\profile\frontend_profile_edit.py", line 49
    except Exception, e:
                    ^
SyntaxError: invalid syntax
WARNING 2016-11-04 14:40:56,878 Not Found: /announce.php
WARNING 2016-11-04 14:40:56,881 Not Found: /announce.php
WARNING 2016-11-04 14:40:56,878 Not Found: /announce.php
WARNING 2016-11-04 14:40:56,881 Not Found: /announce.php
WARNING 2016-11-04 14:40:59,848 Not Found: /announce.php
WARNING 2016-11-04 14:40:59,849 Not Found: /announce.php
WARNING 2016-11-04 14:40:59,848 Not Found: /announce.php
WARNING 2016-11-04 14:40:59,849 Not Found: /announce.php
WARNING 2016-11-04 14:41:01,852 Not Found: /announce.php
WARNING 2016-11-04 14:41:01,852 Not Found: /announce.php
ERROR 2016-11-04 14:41:51,182 Internal Server Error: /profileedit/
Traceback (most recent call last):
  File "C:\uav\frontend\views\profile\frontend_profile_edit.py", line 42, in frontend_profile_edit
    myuser.saeve()
  File "C:\Python34\lib\site-packages\django\utils\functional.py", line 227, in inner
    return func(self._wrapped, *args)
AttributeError: 'MyUser' object has no attribute 'saeve'

During handling of the above exception, another exception occurred:

Traceback (most recent call last):
  File "C:\Python34\lib\site-packages\django\core\handlers\base.py", line 132, in get_response
    response = wrapped_callback(request, *callback_args, **callback_kwargs)
  File "C:\Python34\lib\site-packages\django\contrib\auth\decorators.py", line 22, in _wrapped_view
    return view_func(request, *args, **kwargs)
  File "C:\uav\frontend\views\profile\frontend_profile_edit.py", line 51, in frontend_profile_edit
    +', Changed Profile Fail.'+sys.exc_info())
NameError: name 'sys' is not defined
ERROR 2016-11-04 14:41:51,182 Internal Server Error: /profileedit/
Traceback (most recent call last):
  File "C:\uav\frontend\views\profile\frontend_profile_edit.py", line 42, in frontend_profile_edit
    myuser.saeve()
  File "C:\Python34\lib\site-packages\django\utils\functional.py", line 227, in inner
    return func(self._wrapped, *args)
AttributeError: 'MyUser' object has no attribute 'saeve'

During handling of the above exception, another exception occurred:

Traceback (most recent call last):
  File "C:\Python34\lib\site-packages\django\core\handlers\base.py", line 132, in get_response
    response = wrapped_callback(request, *callback_args, **callback_kwargs)
  File "C:\Python34\lib\site-packages\django\contrib\auth\decorators.py", line 22, in _wrapped_view
    return view_func(request, *args, **kwargs)
  File "C:\uav\frontend\views\profile\frontend_profile_edit.py", line 51, in frontend_profile_edit
    +', Changed Profile Fail.'+sys.exc_info())
NameError: name 'sys' is not defined
ERROR 2016-11-04 14:42:05,222 Internal Server Error: /profileedit/
Traceback (most recent call last):
  File "C:\uav\frontend\views\profile\frontend_profile_edit.py", line 43, in frontend_profile_edit
    myuser.saeve()
  File "C:\Python34\lib\site-packages\django\utils\functional.py", line 227, in inner
    return func(self._wrapped, *args)
AttributeError: 'MyUser' object has no attribute 'saeve'

During handling of the above exception, another exception occurred:

Traceback (most recent call last):
  File "C:\Python34\lib\site-packages\django\core\handlers\base.py", line 132, in get_response
    response = wrapped_callback(request, *callback_args, **callback_kwargs)
  File "C:\Python34\lib\site-packages\django\contrib\auth\decorators.py", line 22, in _wrapped_view
    return view_func(request, *args, **kwargs)
  File "C:\uav\frontend\views\profile\frontend_profile_edit.py", line 52, in frontend_profile_edit
    +', Changed Profile Fail.'+sys.exc_info())
TypeError: Can't convert 'tuple' object to str implicitly
ERROR 2016-11-04 14:42:05,222 Internal Server Error: /profileedit/
Traceback (most recent call last):
  File "C:\uav\frontend\views\profile\frontend_profile_edit.py", line 43, in frontend_profile_edit
    myuser.saeve()
  File "C:\Python34\lib\site-packages\django\utils\functional.py", line 227, in inner
    return func(self._wrapped, *args)
AttributeError: 'MyUser' object has no attribute 'saeve'

During handling of the above exception, another exception occurred:

Traceback (most recent call last):
  File "C:\Python34\lib\site-packages\django\core\handlers\base.py", line 132, in get_response
    response = wrapped_callback(request, *callback_args, **callback_kwargs)
  File "C:\Python34\lib\site-packages\django\contrib\auth\decorators.py", line 22, in _wrapped_view
    return view_func(request, *args, **kwargs)
  File "C:\uav\frontend\views\profile\frontend_profile_edit.py", line 52, in frontend_profile_edit
    +', Changed Profile Fail.'+sys.exc_info())
TypeError: Can't convert 'tuple' object to str implicitly
WARNING 2016-11-04 14:42:59,855 Not Found: /announce.php
WARNING 2016-11-04 14:42:59,855 Not Found: /announce.php
WARNING 2016-11-04 14:42:59,856 Not Found: /announce.php
WARNING 2016-11-04 14:42:59,855 Not Found: /announce.php
WARNING 2016-11-04 14:42:59,857 Not Found: /announce.php
WARNING 2016-11-04 14:42:59,855 Not Found: /announce.php
WARNING 2016-11-04 14:42:59,856 Not Found: /announce.php
WARNING 2016-11-04 14:42:59,857 Not Found: /announce.php
WARNING 2016-11-04 14:43:02,840 Not Found: /announce.php
WARNING 2016-11-04 14:43:02,841 Not Found: /announce.php
WARNING 2016-11-04 14:43:02,840 Not Found: /announce.php
WARNING 2016-11-04 14:43:02,841 Not Found: /announce.php
WARNING 2016-11-04 14:45:20,862 Not Found: /announce.php
WARNING 2016-11-04 14:45:20,863 Not Found: /announce.php
WARNING 2016-11-04 14:45:20,865 Not Found: /announce.php
WARNING 2016-11-04 14:45:20,866 Not Found: /announce.php
WARNING 2016-11-04 14:45:20,862 Not Found: /announce.php
WARNING 2016-11-04 14:45:20,863 Not Found: /announce.php
WARNING 2016-11-04 14:45:20,865 Not Found: /announce.php
WARNING 2016-11-04 14:45:20,866 Not Found: /announce.php
WARNING 2016-11-04 14:45:23,862 Not Found: /announce.php
WARNING 2016-11-04 14:45:23,864 Not Found: /announce.php
WARNING 2016-11-04 14:45:23,862 Not Found: /announce.php
WARNING 2016-11-04 14:45:23,864 Not Found: /announce.php
WARNING 2016-11-04 15:00:17,855 Not Found: /announce.php
WARNING 2016-11-04 15:00:17,856 Not Found: /announce.php
WARNING 2016-11-04 15:00:17,858 Not Found: /announce.php
WARNING 2016-11-04 15:00:17,860 Not Found: /announce.php
WARNING 2016-11-04 15:00:17,855 Not Found: /announce.php
WARNING 2016-11-04 15:00:17,856 Not Found: /announce.php
WARNING 2016-11-04 15:00:17,858 Not Found: /announce.php
WARNING 2016-11-04 15:00:17,860 Not Found: /announce.php
WARNING 2016-11-04 15:00:20,875 Not Found: /announce.php
WARNING 2016-11-04 15:00:20,876 Not Found: /announce.php
WARNING 2016-11-04 15:00:20,875 Not Found: /announce.php
WARNING 2016-11-04 15:00:20,876 Not Found: /announce.php
WARNING 2016-11-04 15:02:41,834 Not Found: /announce.php
WARNING 2016-11-04 15:02:41,834 Not Found: /announce.php
WARNING 2016-11-04 15:02:41,835 Not Found: /announce.php
WARNING 2016-11-04 15:02:41,836 Not Found: /announce.php
WARNING 2016-11-04 15:02:41,834 Not Found: /announce.php
WARNING 2016-11-04 15:02:41,834 Not Found: /announce.php
WARNING 2016-11-04 15:02:41,835 Not Found: /announce.php
WARNING 2016-11-04 15:02:41,836 Not Found: /announce.php
WARNING 2016-11-04 15:02:44,869 Not Found: /announce.php
WARNING 2016-11-04 15:02:44,870 Not Found: /announce.php
WARNING 2016-11-04 15:02:44,869 Not Found: /announce.php
WARNING 2016-11-04 15:02:44,870 Not Found: /announce.php
WARNING 2016-11-04 15:04:47,852 Not Found: /announce.php
WARNING 2016-11-04 15:04:47,852 Not Found: /announce.php
WARNING 2016-11-04 15:04:59,866 Not Found: /announce.php
WARNING 2016-11-04 15:04:59,867 Not Found: /announce.php
WARNING 2016-11-04 15:04:59,867 Not Found: /announce.php
WARNING 2016-11-04 15:04:59,866 Not Found: /announce.php
WARNING 2016-11-04 15:04:59,867 Not Found: /announce.php
WARNING 2016-11-04 15:04:59,867 Not Found: /announce.php
WARNING 2016-11-04 15:10:59,868 Not Found: /announce.php
WARNING 2016-11-04 15:10:59,870 Not Found: /announce.php
WARNING 2016-11-04 15:10:59,868 Not Found: /announce.php
WARNING 2016-11-04 15:10:59,870 Not Found: /announce.php
WARNING 2016-11-04 15:11:02,844 Not Found: /announce.php
WARNING 2016-11-04 15:11:02,845 Not Found: /announce.php
WARNING 2016-11-04 15:11:02,844 Not Found: /announce.php
WARNING 2016-11-04 15:11:02,845 Not Found: /announce.php
WARNING 2016-11-04 15:11:04,869 Not Found: /announce.php
WARNING 2016-11-04 15:11:04,869 Not Found: /announce.php
WARNING 2016-11-04 15:13:02,865 Not Found: /announce.php
WARNING 2016-11-04 15:13:02,868 Not Found: /announce.php
WARNING 2016-11-04 15:13:02,871 Not Found: /announce.php
WARNING 2016-11-04 15:13:02,873 Not Found: /announce.php
WARNING 2016-11-04 15:13:02,865 Not Found: /announce.php
WARNING 2016-11-04 15:13:02,868 Not Found: /announce.php
WARNING 2016-11-04 15:13:02,871 Not Found: /announce.php
WARNING 2016-11-04 15:13:02,873 Not Found: /announce.php
WARNING 2016-11-04 15:13:05,875 Not Found: /announce.php
WARNING 2016-11-04 15:13:05,877 Not Found: /announce.php
WARNING 2016-11-04 15:13:05,875 Not Found: /announce.php
WARNING 2016-11-04 15:13:05,877 Not Found: /announce.php
WARNING 2016-11-04 15:15:23,842 Not Found: /announce.php
WARNING 2016-11-04 15:15:23,845 Not Found: /announce.php
WARNING 2016-11-04 15:15:23,848 Not Found: /announce.php
WARNING 2016-11-04 15:15:23,851 Not Found: /announce.php
WARNING 2016-11-04 15:15:23,842 Not Found: /announce.php
WARNING 2016-11-04 15:15:23,845 Not Found: /announce.php
WARNING 2016-11-04 15:15:23,848 Not Found: /announce.php
WARNING 2016-11-04 15:15:23,851 Not Found: /announce.php
WARNING 2016-11-04 15:15:26,842 Not Found: /announce.php
WARNING 2016-11-04 15:15:26,844 Not Found: /announce.php
WARNING 2016-11-04 15:15:26,842 Not Found: /announce.php
WARNING 2016-11-04 15:15:26,844 Not Found: /announce.php
WARNING 2016-11-04 15:30:20,845 Not Found: /announce.php
WARNING 2016-11-04 15:30:20,847 Not Found: /announce.php
WARNING 2016-11-04 15:30:20,850 Not Found: /announce.php
WARNING 2016-11-04 15:30:20,852 Not Found: /announce.php
WARNING 2016-11-04 15:30:20,845 Not Found: /announce.php
WARNING 2016-11-04 15:30:20,847 Not Found: /announce.php
WARNING 2016-11-04 15:30:20,850 Not Found: /announce.php
WARNING 2016-11-04 15:30:20,852 Not Found: /announce.php
WARNING 2016-11-04 15:30:23,864 Not Found: /announce.php
WARNING 2016-11-04 15:30:23,867 Not Found: /announce.php
WARNING 2016-11-04 15:30:23,864 Not Found: /announce.php
WARNING 2016-11-04 15:30:23,867 Not Found: /announce.php
WARNING 2016-11-04 15:32:44,866 Not Found: /announce.php
WARNING 2016-11-04 15:32:44,868 Not Found: /announce.php
WARNING 2016-11-04 15:32:44,867 Not Found: /announce.php
WARNING 2016-11-04 15:32:44,866 Not Found: /announce.php
WARNING 2016-11-04 15:32:44,869 Not Found: /announce.php
WARNING 2016-11-04 15:32:44,868 Not Found: /announce.php
WARNING 2016-11-04 15:32:44,867 Not Found: /announce.php
WARNING 2016-11-04 15:32:44,869 Not Found: /announce.php
WARNING 2016-11-04 15:32:47,838 Not Found: /announce.php
WARNING 2016-11-04 15:32:47,840 Not Found: /announce.php
WARNING 2016-11-04 15:32:47,838 Not Found: /announce.php
WARNING 2016-11-04 15:32:47,840 Not Found: /announce.php
WARNING 2016-11-04 15:34:50,854 Not Found: /announce.php
WARNING 2016-11-04 15:34:50,854 Not Found: /announce.php
WARNING 2016-11-04 15:35:02,872 Not Found: /announce.php
WARNING 2016-11-04 15:35:02,873 Not Found: /announce.php
WARNING 2016-11-04 15:35:02,874 Not Found: /announce.php
WARNING 2016-11-04 15:35:02,872 Not Found: /announce.php
WARNING 2016-11-04 15:35:02,873 Not Found: /announce.php
WARNING 2016-11-04 15:35:02,874 Not Found: /announce.php
WARNING 2016-11-04 15:41:03,087 Not Found: /announce.php
WARNING 2016-11-04 15:41:03,088 Not Found: /announce.php
WARNING 2016-11-04 15:41:03,087 Not Found: /announce.php
WARNING 2016-11-04 15:41:03,088 Not Found: /announce.php
WARNING 2016-11-04 15:41:05,850 Not Found: /announce.php
WARNING 2016-11-04 15:41:05,851 Not Found: /announce.php
WARNING 2016-11-04 15:41:05,850 Not Found: /announce.php
WARNING 2016-11-04 15:41:05,851 Not Found: /announce.php
WARNING 2016-11-04 15:41:07,875 Not Found: /announce.php
WARNING 2016-11-04 15:41:07,875 Not Found: /announce.php
WARNING 2016-11-04 15:43:05,868 Not Found: /announce.php
WARNING 2016-11-04 15:43:05,870 Not Found: /announce.php
WARNING 2016-11-04 15:43:05,873 Not Found: /announce.php
WARNING 2016-11-04 15:43:05,875 Not Found: /announce.php
WARNING 2016-11-04 15:43:05,868 Not Found: /announce.php
WARNING 2016-11-04 15:43:05,870 Not Found: /announce.php
WARNING 2016-11-04 15:43:05,873 Not Found: /announce.php
WARNING 2016-11-04 15:43:05,875 Not Found: /announce.php
WARNING 2016-11-04 15:43:08,840 Not Found: /announce.php
WARNING 2016-11-04 15:43:08,844 Not Found: /announce.php
WARNING 2016-11-04 15:43:08,840 Not Found: /announce.php
WARNING 2016-11-04 15:43:08,844 Not Found: /announce.php
WARNING 2016-11-04 15:45:26,833 Not Found: /announce.php
WARNING 2016-11-04 15:45:26,836 Not Found: /announce.php
WARNING 2016-11-04 15:45:26,838 Not Found: /announce.php
WARNING 2016-11-04 15:45:26,833 Not Found: /announce.php
WARNING 2016-11-04 15:45:26,841 Not Found: /announce.php
WARNING 2016-11-04 15:45:26,836 Not Found: /announce.php
WARNING 2016-11-04 15:45:26,838 Not Found: /announce.php
WARNING 2016-11-04 15:45:26,841 Not Found: /announce.php
WARNING 2016-11-04 15:45:29,874 Not Found: /announce.php
WARNING 2016-11-04 15:45:29,875 Not Found: /announce.php
WARNING 2016-11-04 15:45:29,874 Not Found: /announce.php
WARNING 2016-11-04 15:45:29,875 Not Found: /announce.php
WARNING 2016-11-04 16:00:23,849 Not Found: /announce.php
WARNING 2016-11-04 16:00:23,852 Not Found: /announce.php
WARNING 2016-11-04 16:00:23,854 Not Found: /announce.php
WARNING 2016-11-04 16:00:23,856 Not Found: /announce.php
WARNING 2016-11-04 16:00:23,849 Not Found: /announce.php
WARNING 2016-11-04 16:00:23,852 Not Found: /announce.php
WARNING 2016-11-04 16:00:23,854 Not Found: /announce.php
WARNING 2016-11-04 16:00:23,856 Not Found: /announce.php
WARNING 2016-11-04 16:00:26,866 Not Found: /announce.php
WARNING 2016-11-04 16:00:26,869 Not Found: /announce.php
WARNING 2016-11-04 16:00:26,866 Not Found: /announce.php
WARNING 2016-11-04 16:00:26,869 Not Found: /announce.php
WARNING 2016-11-04 16:02:47,837 Not Found: /announce.php
WARNING 2016-11-04 16:02:47,838 Not Found: /announce.php
WARNING 2016-11-04 16:02:47,840 Not Found: /announce.php
WARNING 2016-11-04 16:02:47,841 Not Found: /announce.php
WARNING 2016-11-04 16:02:47,837 Not Found: /announce.php
WARNING 2016-11-04 16:02:47,838 Not Found: /announce.php
WARNING 2016-11-04 16:02:47,840 Not Found: /announce.php
WARNING 2016-11-04 16:02:47,841 Not Found: /announce.php
WARNING 2016-11-04 16:02:50,856 Not Found: /announce.php
WARNING 2016-11-04 16:02:50,859 Not Found: /announce.php
WARNING 2016-11-04 16:02:50,856 Not Found: /announce.php
WARNING 2016-11-04 16:02:50,859 Not Found: /announce.php
WARNING 2016-11-04 16:04:53,851 Not Found: /announce.php
WARNING 2016-11-04 16:04:53,851 Not Found: /announce.php
WARNING 2016-11-04 16:05:05,833 Not Found: /announce.php
WARNING 2016-11-04 16:05:05,833 Not Found: /announce.php
WARNING 2016-11-04 16:05:05,834 Not Found: /announce.php
WARNING 2016-11-04 16:05:05,833 Not Found: /announce.php
WARNING 2016-11-04 16:05:05,833 Not Found: /announce.php
WARNING 2016-11-04 16:05:05,834 Not Found: /announce.php
WARNING 2016-11-04 16:11:05,868 Not Found: /announce.php
WARNING 2016-11-04 16:11:05,871 Not Found: /announce.php
WARNING 2016-11-04 16:11:05,868 Not Found: /announce.php
WARNING 2016-11-04 16:11:05,871 Not Found: /announce.php
WARNING 2016-11-04 16:11:08,859 Not Found: /announce.php
WARNING 2016-11-04 16:11:08,861 Not Found: /announce.php
WARNING 2016-11-04 16:11:08,859 Not Found: /announce.php
WARNING 2016-11-04 16:11:08,861 Not Found: /announce.php
WARNING 2016-11-04 16:11:10,863 Not Found: /announce.php
WARNING 2016-11-04 16:11:10,863 Not Found: /announce.php
WARNING 2016-11-04 16:13:08,855 Not Found: /announce.php
WARNING 2016-11-04 16:13:08,856 Not Found: /announce.php
WARNING 2016-11-04 16:13:08,858 Not Found: /announce.php
WARNING 2016-11-04 16:13:08,859 Not Found: /announce.php
WARNING 2016-11-04 16:13:08,855 Not Found: /announce.php
WARNING 2016-11-04 16:13:08,856 Not Found: /announce.php
WARNING 2016-11-04 16:13:08,858 Not Found: /announce.php
WARNING 2016-11-04 16:13:08,859 Not Found: /announce.php
WARNING 2016-11-04 16:13:11,848 Not Found: /announce.php
WARNING 2016-11-04 16:13:11,849 Not Found: /announce.php
WARNING 2016-11-04 16:13:11,848 Not Found: /announce.php
WARNING 2016-11-04 16:13:11,849 Not Found: /announce.php
WARNING 2016-11-04 16:15:29,848 Not Found: /announce.php
WARNING 2016-11-04 16:15:29,849 Not Found: /announce.php
WARNING 2016-11-04 16:15:29,850 Not Found: /announce.php
WARNING 2016-11-04 16:15:29,851 Not Found: /announce.php
WARNING 2016-11-04 16:15:29,848 Not Found: /announce.php
WARNING 2016-11-04 16:15:29,849 Not Found: /announce.php
WARNING 2016-11-04 16:15:29,850 Not Found: /announce.php
WARNING 2016-11-04 16:15:29,851 Not Found: /announce.php
WARNING 2016-11-04 16:15:32,851 Not Found: /announce.php
WARNING 2016-11-04 16:15:32,851 Not Found: /announce.php
WARNING 2016-11-04 16:15:32,851 Not Found: /announce.php
WARNING 2016-11-04 16:15:32,851 Not Found: /announce.php
WARNING 2016-11-04 16:30:26,868 Not Found: /announce.php
WARNING 2016-11-04 16:30:26,871 Not Found: /announce.php
WARNING 2016-11-04 16:30:26,874 Not Found: /announce.php
WARNING 2016-11-04 16:30:26,876 Not Found: /announce.php
WARNING 2016-11-04 16:30:26,868 Not Found: /announce.php
WARNING 2016-11-04 16:30:26,871 Not Found: /announce.php
WARNING 2016-11-04 16:30:26,874 Not Found: /announce.php
WARNING 2016-11-04 16:30:26,876 Not Found: /announce.php
WARNING 2016-11-04 16:30:29,841 Not Found: /announce.php
WARNING 2016-11-04 16:30:29,844 Not Found: /announce.php
WARNING 2016-11-04 16:30:29,841 Not Found: /announce.php
WARNING 2016-11-04 16:30:29,844 Not Found: /announce.php
WARNING 2016-11-04 16:32:50,870 Not Found: /announce.php
WARNING 2016-11-04 16:32:50,871 Not Found: /announce.php
WARNING 2016-11-04 16:32:50,872 Not Found: /announce.php
WARNING 2016-11-04 16:32:50,873 Not Found: /announce.php
WARNING 2016-11-04 16:32:50,870 Not Found: /announce.php
WARNING 2016-11-04 16:32:50,871 Not Found: /announce.php
WARNING 2016-11-04 16:32:50,872 Not Found: /announce.php
WARNING 2016-11-04 16:32:50,873 Not Found: /announce.php
WARNING 2016-11-04 16:32:53,868 Not Found: /announce.php
WARNING 2016-11-04 16:32:53,869 Not Found: /announce.php
WARNING 2016-11-04 16:32:53,868 Not Found: /announce.php
WARNING 2016-11-04 16:32:53,869 Not Found: /announce.php
WARNING 2016-11-04 16:34:56,860 Not Found: /announce.php
WARNING 2016-11-04 16:34:56,860 Not Found: /announce.php
WARNING 2016-11-04 16:35:08,856 Not Found: /announce.php
WARNING 2016-11-04 16:35:08,858 Not Found: /announce.php
WARNING 2016-11-04 16:35:08,860 Not Found: /announce.php
WARNING 2016-11-04 16:35:08,856 Not Found: /announce.php
WARNING 2016-11-04 16:35:08,858 Not Found: /announce.php
WARNING 2016-11-04 16:35:08,860 Not Found: /announce.php
WARNING 2016-11-04 16:41:08,885 Not Found: /announce.php
WARNING 2016-11-04 16:41:08,886 Not Found: /announce.php
WARNING 2016-11-04 16:41:08,885 Not Found: /announce.php
WARNING 2016-11-04 16:41:08,886 Not Found: /announce.php
WARNING 2016-11-04 16:41:11,853 Not Found: /announce.php
WARNING 2016-11-04 16:41:11,853 Not Found: /announce.php
WARNING 2016-11-04 16:41:11,853 Not Found: /announce.php
WARNING 2016-11-04 16:41:11,853 Not Found: /announce.php
WARNING 2016-11-04 16:41:13,859 Not Found: /announce.php
WARNING 2016-11-04 16:41:13,859 Not Found: /announce.php
WARNING 2016-11-04 16:43:11,843 Not Found: /announce.php
WARNING 2016-11-04 16:43:11,844 Not Found: /announce.php
WARNING 2016-11-04 16:43:11,844 Not Found: /announce.php
WARNING 2016-11-04 16:43:11,845 Not Found: /announce.php
WARNING 2016-11-04 16:43:11,843 Not Found: /announce.php
WARNING 2016-11-04 16:43:11,844 Not Found: /announce.php
WARNING 2016-11-04 16:43:11,844 Not Found: /announce.php
WARNING 2016-11-04 16:43:11,845 Not Found: /announce.php
WARNING 2016-11-04 16:43:14,848 Not Found: /announce.php
WARNING 2016-11-04 16:43:14,848 Not Found: /announce.php
WARNING 2016-11-04 16:43:14,848 Not Found: /announce.php
WARNING 2016-11-04 16:43:14,848 Not Found: /announce.php
WARNING 2016-11-04 16:45:32,869 Not Found: /announce.php
WARNING 2016-11-04 16:45:32,871 Not Found: /announce.php
WARNING 2016-11-04 16:45:32,874 Not Found: /announce.php
WARNING 2016-11-04 16:45:32,876 Not Found: /announce.php
WARNING 2016-11-04 16:45:32,869 Not Found: /announce.php
WARNING 2016-11-04 16:45:32,871 Not Found: /announce.php
WARNING 2016-11-04 16:45:32,874 Not Found: /announce.php
WARNING 2016-11-04 16:45:32,876 Not Found: /announce.php
WARNING 2016-11-04 16:45:35,873 Not Found: /announce.php
WARNING 2016-11-04 16:45:35,875 Not Found: /announce.php
WARNING 2016-11-04 16:45:35,873 Not Found: /announce.php
WARNING 2016-11-04 16:45:35,875 Not Found: /announce.php
WARNING 2016-11-04 17:00:29,846 Not Found: /announce.php
WARNING 2016-11-04 17:00:29,847 Not Found: /announce.php
WARNING 2016-11-04 17:00:29,848 Not Found: /announce.php
WARNING 2016-11-04 17:00:29,850 Not Found: /announce.php
WARNING 2016-11-04 17:00:29,846 Not Found: /announce.php
WARNING 2016-11-04 17:00:29,847 Not Found: /announce.php
WARNING 2016-11-04 17:00:29,848 Not Found: /announce.php
WARNING 2016-11-04 17:00:29,850 Not Found: /announce.php
WARNING 2016-11-04 17:00:32,872 Not Found: /announce.php
WARNING 2016-11-04 17:00:32,873 Not Found: /announce.php
WARNING 2016-11-04 17:00:32,872 Not Found: /announce.php
WARNING 2016-11-04 17:00:32,873 Not Found: /announce.php
WARNING 2016-11-04 17:02:53,853 Not Found: /announce.php
WARNING 2016-11-04 17:02:53,854 Not Found: /announce.php
WARNING 2016-11-04 17:02:53,855 Not Found: /announce.php
WARNING 2016-11-04 17:02:53,853 Not Found: /announce.php
WARNING 2016-11-04 17:02:53,856 Not Found: /announce.php
WARNING 2016-11-04 17:02:53,854 Not Found: /announce.php
WARNING 2016-11-04 17:02:53,855 Not Found: /announce.php
WARNING 2016-11-04 17:02:53,856 Not Found: /announce.php
WARNING 2016-11-04 17:02:56,831 Not Found: /announce.php
WARNING 2016-11-04 17:02:56,832 Not Found: /announce.php
WARNING 2016-11-04 17:02:56,831 Not Found: /announce.php
WARNING 2016-11-04 17:02:56,832 Not Found: /announce.php
WARNING 2016-11-04 17:04:59,863 Not Found: /announce.php
WARNING 2016-11-04 17:04:59,863 Not Found: /announce.php
WARNING 2016-11-04 17:05:11,870 Not Found: /announce.php
WARNING 2016-11-04 17:05:11,871 Not Found: /announce.php
WARNING 2016-11-04 17:05:11,873 Not Found: /announce.php
WARNING 2016-11-04 17:05:11,870 Not Found: /announce.php
WARNING 2016-11-04 17:05:11,871 Not Found: /announce.php
WARNING 2016-11-04 17:05:11,873 Not Found: /announce.php
WARNING 2016-11-04 17:11:11,841 Not Found: /announce.php
WARNING 2016-11-04 17:11:11,844 Not Found: /announce.php
WARNING 2016-11-04 17:11:11,841 Not Found: /announce.php
WARNING 2016-11-04 17:11:11,844 Not Found: /announce.php
WARNING 2016-11-04 17:11:14,861 Not Found: /announce.php
WARNING 2016-11-04 17:11:14,861 Not Found: /announce.php
WARNING 2016-11-04 17:11:14,861 Not Found: /announce.php
WARNING 2016-11-04 17:11:14,861 Not Found: /announce.php
WARNING 2016-11-04 17:11:16,836 Not Found: /announce.php
WARNING 2016-11-04 17:11:16,836 Not Found: /announce.php
WARNING 2016-11-04 17:13:14,849 Not Found: /announce.php
WARNING 2016-11-04 17:13:14,850 Not Found: /announce.php
WARNING 2016-11-04 17:13:14,851 Not Found: /announce.php
WARNING 2016-11-04 17:13:14,852 Not Found: /announce.php
WARNING 2016-11-04 17:13:14,849 Not Found: /announce.php
WARNING 2016-11-04 17:13:14,850 Not Found: /announce.php
WARNING 2016-11-04 17:13:14,851 Not Found: /announce.php
WARNING 2016-11-04 17:13:14,852 Not Found: /announce.php
WARNING 2016-11-04 17:13:17,871 Not Found: /announce.php
WARNING 2016-11-04 17:13:17,872 Not Found: /announce.php
WARNING 2016-11-04 17:13:17,871 Not Found: /announce.php
WARNING 2016-11-04 17:13:17,872 Not Found: /announce.php
WARNING 2016-11-04 17:15:35,840 Not Found: /announce.php
WARNING 2016-11-04 17:15:35,842 Not Found: /announce.php
WARNING 2016-11-04 17:15:35,844 Not Found: /announce.php
WARNING 2016-11-04 17:15:35,847 Not Found: /announce.php
WARNING 2016-11-04 17:15:35,840 Not Found: /announce.php
WARNING 2016-11-04 17:15:35,842 Not Found: /announce.php
WARNING 2016-11-04 17:15:35,844 Not Found: /announce.php
WARNING 2016-11-04 17:15:35,847 Not Found: /announce.php
WARNING 2016-11-04 17:15:38,869 Not Found: /announce.php
WARNING 2016-11-04 17:15:38,872 Not Found: /announce.php
WARNING 2016-11-04 17:15:38,869 Not Found: /announce.php
WARNING 2016-11-04 17:15:38,872 Not Found: /announce.php
WARNING 2016-11-04 17:30:32,877 Not Found: /announce.php
WARNING 2016-11-04 17:30:32,880 Not Found: /announce.php
WARNING 2016-11-04 17:30:32,882 Not Found: /announce.php
WARNING 2016-11-04 17:30:32,885 Not Found: /announce.php
WARNING 2016-11-04 17:30:32,877 Not Found: /announce.php
WARNING 2016-11-04 17:30:32,880 Not Found: /announce.php
WARNING 2016-11-04 17:30:32,882 Not Found: /announce.php
WARNING 2016-11-04 17:30:32,885 Not Found: /announce.php
WARNING 2016-11-04 17:30:35,834 Not Found: /announce.php
WARNING 2016-11-04 17:30:35,835 Not Found: /announce.php
WARNING 2016-11-04 17:30:35,834 Not Found: /announce.php
WARNING 2016-11-04 17:30:35,835 Not Found: /announce.php
WARNING 2016-11-04 17:32:56,863 Not Found: /announce.php
WARNING 2016-11-04 17:32:56,865 Not Found: /announce.php
WARNING 2016-11-04 17:32:56,868 Not Found: /announce.php
WARNING 2016-11-04 17:32:56,870 Not Found: /announce.php
WARNING 2016-11-04 17:32:56,863 Not Found: /announce.php
WARNING 2016-11-04 17:32:56,865 Not Found: /announce.php
WARNING 2016-11-04 17:32:56,868 Not Found: /announce.php
WARNING 2016-11-04 17:32:56,870 Not Found: /announce.php
WARNING 2016-11-04 17:32:59,876 Not Found: /announce.php
WARNING 2016-11-04 17:32:59,877 Not Found: /announce.php
WARNING 2016-11-04 17:32:59,876 Not Found: /announce.php
WARNING 2016-11-04 17:32:59,877 Not Found: /announce.php
WARNING 2016-11-04 17:35:02,857 Not Found: /announce.php
WARNING 2016-11-04 17:35:02,857 Not Found: /announce.php
WARNING 2016-11-04 17:35:14,845 Not Found: /announce.php
WARNING 2016-11-04 17:35:14,846 Not Found: /announce.php
WARNING 2016-11-04 17:35:14,847 Not Found: /announce.php
WARNING 2016-11-04 17:35:14,845 Not Found: /announce.php
WARNING 2016-11-04 17:35:14,846 Not Found: /announce.php
WARNING 2016-11-04 17:35:14,847 Not Found: /announce.php
WARNING 2016-11-04 17:41:14,879 Not Found: /announce.php
WARNING 2016-11-04 17:41:14,880 Not Found: /announce.php
WARNING 2016-11-04 17:41:14,879 Not Found: /announce.php
WARNING 2016-11-04 17:41:14,880 Not Found: /announce.php
WARNING 2016-11-04 17:41:17,832 Not Found: /announce.php
WARNING 2016-11-04 17:41:17,833 Not Found: /announce.php
WARNING 2016-11-04 17:41:17,832 Not Found: /announce.php
WARNING 2016-11-04 17:41:17,833 Not Found: /announce.php
WARNING 2016-11-04 17:41:19,860 Not Found: /announce.php
WARNING 2016-11-04 17:41:19,860 Not Found: /announce.php
WARNING 2016-11-04 17:43:17,867 Not Found: /announce.php
WARNING 2016-11-04 17:43:17,868 Not Found: /announce.php
WARNING 2016-11-04 17:43:17,868 Not Found: /announce.php
WARNING 2016-11-04 17:43:17,869 Not Found: /announce.php
WARNING 2016-11-04 17:43:17,867 Not Found: /announce.php
WARNING 2016-11-04 17:43:17,868 Not Found: /announce.php
WARNING 2016-11-04 17:43:17,868 Not Found: /announce.php
WARNING 2016-11-04 17:43:17,869 Not Found: /announce.php
WARNING 2016-11-04 17:43:20,860 Not Found: /announce.php
WARNING 2016-11-04 17:43:20,862 Not Found: /announce.php
WARNING 2016-11-04 17:43:20,860 Not Found: /announce.php
WARNING 2016-11-04 17:43:20,862 Not Found: /announce.php
WARNING 2016-11-04 17:45:38,851 Not Found: /announce.php
WARNING 2016-11-04 17:45:38,852 Not Found: /announce.php
WARNING 2016-11-04 17:45:38,853 Not Found: /announce.php
WARNING 2016-11-04 17:45:38,854 Not Found: /announce.php
WARNING 2016-11-04 17:45:38,851 Not Found: /announce.php
WARNING 2016-11-04 17:45:38,852 Not Found: /announce.php
WARNING 2016-11-04 17:45:38,853 Not Found: /announce.php
WARNING 2016-11-04 17:45:38,854 Not Found: /announce.php
WARNING 2016-11-04 17:45:41,862 Not Found: /announce.php
WARNING 2016-11-04 17:45:41,863 Not Found: /announce.php
WARNING 2016-11-04 17:45:41,862 Not Found: /announce.php
WARNING 2016-11-04 17:45:41,863 Not Found: /announce.php
WARNING 2016-11-04 18:00:35,895 Not Found: /announce.php
WARNING 2016-11-04 18:00:35,899 Not Found: /announce.php
WARNING 2016-11-04 18:00:35,901 Not Found: /announce.php
WARNING 2016-11-04 18:00:35,903 Not Found: /announce.php
WARNING 2016-11-04 18:00:35,895 Not Found: /announce.php
WARNING 2016-11-04 18:00:35,899 Not Found: /announce.php
WARNING 2016-11-04 18:00:35,901 Not Found: /announce.php
WARNING 2016-11-04 18:00:35,903 Not Found: /announce.php
WARNING 2016-11-04 18:00:38,866 Not Found: /announce.php
WARNING 2016-11-04 18:00:38,868 Not Found: /announce.php
WARNING 2016-11-04 18:00:38,866 Not Found: /announce.php
WARNING 2016-11-04 18:00:38,868 Not Found: /announce.php
WARNING 2016-11-04 18:02:59,865 Not Found: /announce.php
WARNING 2016-11-04 18:02:59,868 Not Found: /announce.php
WARNING 2016-11-04 18:02:59,870 Not Found: /announce.php
WARNING 2016-11-04 18:02:59,873 Not Found: /announce.php
WARNING 2016-11-04 18:02:59,865 Not Found: /announce.php
WARNING 2016-11-04 18:02:59,868 Not Found: /announce.php
WARNING 2016-11-04 18:02:59,870 Not Found: /announce.php
WARNING 2016-11-04 18:02:59,873 Not Found: /announce.php
WARNING 2016-11-04 18:03:02,866 Not Found: /announce.php
WARNING 2016-11-04 18:03:02,867 Not Found: /announce.php
WARNING 2016-11-04 18:03:02,866 Not Found: /announce.php
WARNING 2016-11-04 18:03:02,867 Not Found: /announce.php
WARNING 2016-11-04 18:05:05,849 Not Found: /announce.php
WARNING 2016-11-04 18:05:05,849 Not Found: /announce.php
WARNING 2016-11-04 18:05:17,869 Not Found: /announce.php
WARNING 2016-11-04 18:05:17,870 Not Found: /announce.php
WARNING 2016-11-04 18:05:17,871 Not Found: /announce.php
WARNING 2016-11-04 18:05:17,869 Not Found: /announce.php
WARNING 2016-11-04 18:05:17,870 Not Found: /announce.php
WARNING 2016-11-04 18:05:17,871 Not Found: /announce.php
WARNING 2016-11-04 18:11:17,844 Not Found: /announce.php
WARNING 2016-11-04 18:11:17,847 Not Found: /announce.php
WARNING 2016-11-04 18:11:17,844 Not Found: /announce.php
WARNING 2016-11-04 18:11:17,847 Not Found: /announce.php
WARNING 2016-11-04 18:11:20,851 Not Found: /announce.php
WARNING 2016-11-04 18:11:20,852 Not Found: /announce.php
WARNING 2016-11-04 18:11:20,851 Not Found: /announce.php
WARNING 2016-11-04 18:11:20,852 Not Found: /announce.php
WARNING 2016-11-04 18:11:22,869 Not Found: /announce.php
WARNING 2016-11-04 18:11:22,869 Not Found: /announce.php
WARNING 2016-11-04 18:13:20,868 Not Found: /announce.php
WARNING 2016-11-04 18:13:20,870 Not Found: /announce.php
WARNING 2016-11-04 18:13:20,871 Not Found: /announce.php
WARNING 2016-11-04 18:13:20,872 Not Found: /announce.php
WARNING 2016-11-04 18:13:20,868 Not Found: /announce.php
WARNING 2016-11-04 18:13:20,870 Not Found: /announce.php
WARNING 2016-11-04 18:13:20,871 Not Found: /announce.php
WARNING 2016-11-04 18:13:20,872 Not Found: /announce.php
WARNING 2016-11-04 18:13:23,875 Not Found: /announce.php
WARNING 2016-11-04 18:13:23,878 Not Found: /announce.php
WARNING 2016-11-04 18:13:23,875 Not Found: /announce.php
WARNING 2016-11-04 18:13:23,878 Not Found: /announce.php
WARNING 2016-11-04 18:15:41,862 Not Found: /announce.php
WARNING 2016-11-04 18:15:41,865 Not Found: /announce.php
WARNING 2016-11-04 18:15:41,867 Not Found: /announce.php
WARNING 2016-11-04 18:15:41,869 Not Found: /announce.php
WARNING 2016-11-04 18:15:41,862 Not Found: /announce.php
WARNING 2016-11-04 18:15:41,865 Not Found: /announce.php
WARNING 2016-11-04 18:15:41,867 Not Found: /announce.php
WARNING 2016-11-04 18:15:41,869 Not Found: /announce.php
WARNING 2016-11-04 18:15:44,848 Not Found: /announce.php
WARNING 2016-11-04 18:15:44,849 Not Found: /announce.php
WARNING 2016-11-04 18:15:44,848 Not Found: /announce.php
WARNING 2016-11-04 18:15:44,849 Not Found: /announce.php
WARNING 2016-11-04 18:30:38,840 Not Found: /announce.php
WARNING 2016-11-04 18:30:38,842 Not Found: /announce.php
WARNING 2016-11-04 18:30:38,843 Not Found: /announce.php
WARNING 2016-11-04 18:30:38,844 Not Found: /announce.php
WARNING 2016-11-04 18:30:38,840 Not Found: /announce.php
WARNING 2016-11-04 18:30:38,842 Not Found: /announce.php
WARNING 2016-11-04 18:30:38,843 Not Found: /announce.php
WARNING 2016-11-04 18:30:38,844 Not Found: /announce.php
WARNING 2016-11-04 18:30:41,857 Not Found: /announce.php
WARNING 2016-11-04 18:30:41,858 Not Found: /announce.php
WARNING 2016-11-04 18:30:41,857 Not Found: /announce.php
WARNING 2016-11-04 18:30:41,858 Not Found: /announce.php
WARNING 2016-11-04 18:33:02,872 Not Found: /announce.php
WARNING 2016-11-04 18:33:02,874 Not Found: /announce.php
WARNING 2016-11-04 18:33:02,875 Not Found: /announce.php
WARNING 2016-11-04 18:33:02,877 Not Found: /announce.php
WARNING 2016-11-04 18:33:02,872 Not Found: /announce.php
WARNING 2016-11-04 18:33:02,874 Not Found: /announce.php
WARNING 2016-11-04 18:33:02,875 Not Found: /announce.php
WARNING 2016-11-04 18:33:02,877 Not Found: /announce.php
WARNING 2016-11-04 18:33:05,865 Not Found: /announce.php
WARNING 2016-11-04 18:33:05,866 Not Found: /announce.php
WARNING 2016-11-04 18:33:05,865 Not Found: /announce.php
WARNING 2016-11-04 18:33:05,866 Not Found: /announce.php
WARNING 2016-11-04 18:35:08,847 Not Found: /announce.php
WARNING 2016-11-04 18:35:08,847 Not Found: /announce.php
WARNING 2016-11-04 18:35:20,861 Not Found: /announce.php
WARNING 2016-11-04 18:35:20,862 Not Found: /announce.php
WARNING 2016-11-04 18:35:20,863 Not Found: /announce.php
WARNING 2016-11-04 18:35:20,861 Not Found: /announce.php
WARNING 2016-11-04 18:35:20,862 Not Found: /announce.php
WARNING 2016-11-04 18:35:20,863 Not Found: /announce.php
WARNING 2016-11-04 18:41:20,930 Not Found: /announce.php
WARNING 2016-11-04 18:41:20,933 Not Found: /announce.php
WARNING 2016-11-04 18:41:20,930 Not Found: /announce.php
WARNING 2016-11-04 18:41:20,933 Not Found: /announce.php
WARNING 2016-11-04 18:41:23,871 Not Found: /announce.php
WARNING 2016-11-04 18:41:23,873 Not Found: /announce.php
WARNING 2016-11-04 18:41:23,871 Not Found: /announce.php
WARNING 2016-11-04 18:41:23,873 Not Found: /announce.php
WARNING 2016-11-04 18:41:25,867 Not Found: /announce.php
WARNING 2016-11-04 18:41:25,867 Not Found: /announce.php
WARNING 2016-11-04 18:43:23,864 Not Found: /announce.php
WARNING 2016-11-04 18:43:23,865 Not Found: /announce.php
WARNING 2016-11-04 18:43:23,866 Not Found: /announce.php
WARNING 2016-11-04 18:43:23,864 Not Found: /announce.php
WARNING 2016-11-04 18:43:23,867 Not Found: /announce.php
WARNING 2016-11-04 18:43:23,865 Not Found: /announce.php
WARNING 2016-11-04 18:43:23,866 Not Found: /announce.php
WARNING 2016-11-04 18:43:23,867 Not Found: /announce.php
WARNING 2016-11-04 18:43:26,848 Not Found: /announce.php
WARNING 2016-11-04 18:43:26,850 Not Found: /announce.php
WARNING 2016-11-04 18:43:26,848 Not Found: /announce.php
WARNING 2016-11-04 18:43:26,850 Not Found: /announce.php
WARNING 2016-11-04 18:45:44,845 Not Found: /announce.php
WARNING 2016-11-04 18:45:44,846 Not Found: /announce.php
WARNING 2016-11-04 18:45:44,847 Not Found: /announce.php
WARNING 2016-11-04 18:45:44,848 Not Found: /announce.php
WARNING 2016-11-04 18:45:44,845 Not Found: /announce.php
WARNING 2016-11-04 18:45:44,846 Not Found: /announce.php
WARNING 2016-11-04 18:45:44,847 Not Found: /announce.php
WARNING 2016-11-04 18:45:44,848 Not Found: /announce.php
WARNING 2016-11-04 18:45:47,860 Not Found: /announce.php
WARNING 2016-11-04 18:45:47,862 Not Found: /announce.php
WARNING 2016-11-04 18:45:47,860 Not Found: /announce.php
WARNING 2016-11-04 18:45:47,862 Not Found: /announce.php
WARNING 2016-11-04 19:00:41,862 Not Found: /announce.php
WARNING 2016-11-04 19:00:41,864 Not Found: /announce.php
WARNING 2016-11-04 19:00:41,867 Not Found: /announce.php
WARNING 2016-11-04 19:00:41,862 Not Found: /announce.php
WARNING 2016-11-04 19:00:41,870 Not Found: /announce.php
WARNING 2016-11-04 19:00:41,864 Not Found: /announce.php
WARNING 2016-11-04 19:00:41,867 Not Found: /announce.php
WARNING 2016-11-04 19:00:41,870 Not Found: /announce.php
WARNING 2016-11-04 19:00:44,852 Not Found: /announce.php
WARNING 2016-11-04 19:00:44,854 Not Found: /announce.php
WARNING 2016-11-04 19:00:44,852 Not Found: /announce.php
WARNING 2016-11-04 19:00:44,854 Not Found: /announce.php
WARNING 2016-11-04 19:03:05,854 Not Found: /announce.php
WARNING 2016-11-04 19:03:05,855 Not Found: /announce.php
WARNING 2016-11-04 19:03:05,855 Not Found: /announce.php
WARNING 2016-11-04 19:03:05,856 Not Found: /announce.php
WARNING 2016-11-04 19:03:05,854 Not Found: /announce.php
WARNING 2016-11-04 19:03:05,855 Not Found: /announce.php
WARNING 2016-11-04 19:03:05,855 Not Found: /announce.php
WARNING 2016-11-04 19:03:05,856 Not Found: /announce.php
WARNING 2016-11-04 19:03:08,866 Not Found: /announce.php
WARNING 2016-11-04 19:03:08,867 Not Found: /announce.php
WARNING 2016-11-04 19:03:08,866 Not Found: /announce.php
WARNING 2016-11-04 19:03:08,867 Not Found: /announce.php
WARNING 2016-11-04 19:05:11,858 Not Found: /announce.php
WARNING 2016-11-04 19:05:11,858 Not Found: /announce.php
WARNING 2016-11-04 19:05:23,850 Not Found: /announce.php
WARNING 2016-11-04 19:05:23,852 Not Found: /announce.php
WARNING 2016-11-04 19:05:23,855 Not Found: /announce.php
WARNING 2016-11-04 19:05:23,850 Not Found: /announce.php
WARNING 2016-11-04 19:05:23,852 Not Found: /announce.php
WARNING 2016-11-04 19:05:23,855 Not Found: /announce.php
WARNING 2016-11-04 19:11:23,878 Not Found: /announce.php
WARNING 2016-11-04 19:11:23,880 Not Found: /announce.php
WARNING 2016-11-04 19:11:23,878 Not Found: /announce.php
WARNING 2016-11-04 19:11:23,880 Not Found: /announce.php
WARNING 2016-11-04 19:11:26,838 Not Found: /announce.php
WARNING 2016-11-04 19:11:26,838 Not Found: /announce.php
WARNING 2016-11-04 19:11:26,838 Not Found: /announce.php
WARNING 2016-11-04 19:11:26,838 Not Found: /announce.php
WARNING 2016-11-04 19:11:28,866 Not Found: /announce.php
WARNING 2016-11-04 19:11:28,866 Not Found: /announce.php
WARNING 2016-11-04 19:13:26,860 Not Found: /announce.php
WARNING 2016-11-04 19:13:26,861 Not Found: /announce.php
WARNING 2016-11-04 19:13:26,862 Not Found: /announce.php
WARNING 2016-11-04 19:13:26,863 Not Found: /announce.php
WARNING 2016-11-04 19:13:26,860 Not Found: /announce.php
WARNING 2016-11-04 19:13:26,861 Not Found: /announce.php
WARNING 2016-11-04 19:13:26,862 Not Found: /announce.php
WARNING 2016-11-04 19:13:26,863 Not Found: /announce.php
WARNING 2016-11-04 19:13:29,862 Not Found: /announce.php
WARNING 2016-11-04 19:13:29,864 Not Found: /announce.php
WARNING 2016-11-04 19:13:29,862 Not Found: /announce.php
WARNING 2016-11-04 19:13:29,864 Not Found: /announce.php
WARNING 2016-11-04 19:15:47,846 Not Found: /announce.php
WARNING 2016-11-04 19:15:47,848 Not Found: /announce.php
WARNING 2016-11-04 19:15:47,850 Not Found: /announce.php
WARNING 2016-11-04 19:15:47,851 Not Found: /announce.php
WARNING 2016-11-04 19:15:47,846 Not Found: /announce.php
WARNING 2016-11-04 19:15:47,848 Not Found: /announce.php
WARNING 2016-11-04 19:15:47,850 Not Found: /announce.php
WARNING 2016-11-04 19:15:47,851 Not Found: /announce.php
WARNING 2016-11-04 19:15:50,866 Not Found: /announce.php
WARNING 2016-11-04 19:15:50,866 Not Found: /announce.php
WARNING 2016-11-04 19:15:50,866 Not Found: /announce.php
WARNING 2016-11-04 19:15:50,866 Not Found: /announce.php
WARNING 2016-11-04 19:30:44,853 Not Found: /announce.php
WARNING 2016-11-04 19:30:44,854 Not Found: /announce.php
WARNING 2016-11-04 19:30:44,855 Not Found: /announce.php
WARNING 2016-11-04 19:30:44,856 Not Found: /announce.php
WARNING 2016-11-04 19:30:44,853 Not Found: /announce.php
WARNING 2016-11-04 19:30:44,854 Not Found: /announce.php
WARNING 2016-11-04 19:30:44,855 Not Found: /announce.php
WARNING 2016-11-04 19:30:44,856 Not Found: /announce.php
WARNING 2016-11-04 19:30:47,882 Not Found: /announce.php
WARNING 2016-11-04 19:30:47,882 Not Found: /announce.php
WARNING 2016-11-04 19:30:47,887 Not Found: /announce.php
WARNING 2016-11-04 19:30:47,887 Not Found: /announce.php
WARNING 2016-11-04 19:33:08,877 Not Found: /announce.php
WARNING 2016-11-04 19:33:08,878 Not Found: /announce.php
WARNING 2016-11-04 19:33:08,879 Not Found: /announce.php
WARNING 2016-11-04 19:33:08,880 Not Found: /announce.php
WARNING 2016-11-04 19:33:08,877 Not Found: /announce.php
WARNING 2016-11-04 19:33:08,878 Not Found: /announce.php
WARNING 2016-11-04 19:33:08,879 Not Found: /announce.php
WARNING 2016-11-04 19:33:08,880 Not Found: /announce.php
WARNING 2016-11-04 19:33:11,851 Not Found: /announce.php
WARNING 2016-11-04 19:33:11,852 Not Found: /announce.php
WARNING 2016-11-04 19:33:11,851 Not Found: /announce.php
WARNING 2016-11-04 19:33:11,852 Not Found: /announce.php
WARNING 2016-11-04 19:35:14,872 Not Found: /announce.php
WARNING 2016-11-04 19:35:14,872 Not Found: /announce.php
WARNING 2016-11-04 19:35:26,850 Not Found: /announce.php
WARNING 2016-11-04 19:35:26,850 Not Found: /announce.php
WARNING 2016-11-04 19:35:26,851 Not Found: /announce.php
WARNING 2016-11-04 19:35:26,850 Not Found: /announce.php
WARNING 2016-11-04 19:35:26,850 Not Found: /announce.php
WARNING 2016-11-04 19:35:26,851 Not Found: /announce.php
WARNING 2016-11-04 19:41:26,910 Not Found: /announce.php
WARNING 2016-11-04 19:41:26,911 Not Found: /announce.php
WARNING 2016-11-04 19:41:26,910 Not Found: /announce.php
WARNING 2016-11-04 19:41:26,911 Not Found: /announce.php
WARNING 2016-11-04 19:41:29,863 Not Found: /announce.php
WARNING 2016-11-04 19:41:29,864 Not Found: /announce.php
WARNING 2016-11-04 19:41:29,863 Not Found: /announce.php
WARNING 2016-11-04 19:41:29,864 Not Found: /announce.php
WARNING 2016-11-04 19:41:31,870 Not Found: /announce.php
WARNING 2016-11-04 19:41:31,870 Not Found: /announce.php
WARNING 2016-11-04 19:43:29,855 Not Found: /announce.php
WARNING 2016-11-04 19:43:29,857 Not Found: /announce.php
WARNING 2016-11-04 19:43:29,858 Not Found: /announce.php
WARNING 2016-11-04 19:43:29,859 Not Found: /announce.php
WARNING 2016-11-04 19:43:29,855 Not Found: /announce.php
WARNING 2016-11-04 19:43:29,857 Not Found: /announce.php
WARNING 2016-11-04 19:43:29,858 Not Found: /announce.php
WARNING 2016-11-04 19:43:29,859 Not Found: /announce.php
WARNING 2016-11-04 19:43:32,868 Not Found: /announce.php
WARNING 2016-11-04 19:43:32,870 Not Found: /announce.php
WARNING 2016-11-04 19:43:32,868 Not Found: /announce.php
WARNING 2016-11-04 19:43:32,870 Not Found: /announce.php
WARNING 2016-11-04 19:45:50,857 Not Found: /announce.php
WARNING 2016-11-04 19:45:50,858 Not Found: /announce.php
WARNING 2016-11-04 19:45:50,859 Not Found: /announce.php
WARNING 2016-11-04 19:45:50,860 Not Found: /announce.php
WARNING 2016-11-04 19:45:50,857 Not Found: /announce.php
WARNING 2016-11-04 19:45:50,858 Not Found: /announce.php
WARNING 2016-11-04 19:45:50,859 Not Found: /announce.php
WARNING 2016-11-04 19:45:50,860 Not Found: /announce.php
WARNING 2016-11-04 19:45:53,838 Not Found: /announce.php
WARNING 2016-11-04 19:45:53,840 Not Found: /announce.php
WARNING 2016-11-04 19:45:53,838 Not Found: /announce.php
WARNING 2016-11-04 19:45:53,840 Not Found: /announce.php
WARNING 2016-11-04 20:00:47,852 Not Found: /announce.php
WARNING 2016-11-04 20:00:47,854 Not Found: /announce.php
WARNING 2016-11-04 20:00:47,855 Not Found: /announce.php
WARNING 2016-11-04 20:00:47,856 Not Found: /announce.php
WARNING 2016-11-04 20:00:47,852 Not Found: /announce.php
WARNING 2016-11-04 20:00:47,854 Not Found: /announce.php
WARNING 2016-11-04 20:00:47,855 Not Found: /announce.php
WARNING 2016-11-04 20:00:47,856 Not Found: /announce.php
WARNING 2016-11-04 20:00:50,861 Not Found: /announce.php
WARNING 2016-11-04 20:00:50,862 Not Found: /announce.php
WARNING 2016-11-04 20:00:50,861 Not Found: /announce.php
WARNING 2016-11-04 20:00:50,862 Not Found: /announce.php
WARNING 2016-11-04 20:03:11,866 Not Found: /announce.php
WARNING 2016-11-04 20:03:11,867 Not Found: /announce.php
WARNING 2016-11-04 20:03:11,867 Not Found: /announce.php
WARNING 2016-11-04 20:03:11,868 Not Found: /announce.php
WARNING 2016-11-04 20:03:11,866 Not Found: /announce.php
WARNING 2016-11-04 20:03:11,867 Not Found: /announce.php
WARNING 2016-11-04 20:03:11,867 Not Found: /announce.php
WARNING 2016-11-04 20:03:11,868 Not Found: /announce.php
WARNING 2016-11-04 20:03:14,845 Not Found: /announce.php
WARNING 2016-11-04 20:03:14,847 Not Found: /announce.php
WARNING 2016-11-04 20:03:14,845 Not Found: /announce.php
WARNING 2016-11-04 20:03:14,847 Not Found: /announce.php
WARNING 2016-11-04 20:05:17,868 Not Found: /announce.php
WARNING 2016-11-04 20:05:17,868 Not Found: /announce.php
WARNING 2016-11-04 20:05:29,852 Not Found: /announce.php
WARNING 2016-11-04 20:05:29,853 Not Found: /announce.php
WARNING 2016-11-04 20:05:29,854 Not Found: /announce.php
WARNING 2016-11-04 20:05:29,852 Not Found: /announce.php
WARNING 2016-11-04 20:05:29,853 Not Found: /announce.php
WARNING 2016-11-04 20:05:29,854 Not Found: /announce.php
WARNING 2016-11-04 20:11:29,857 Not Found: /announce.php
WARNING 2016-11-04 20:11:29,858 Not Found: /announce.php
WARNING 2016-11-04 20:11:29,857 Not Found: /announce.php
WARNING 2016-11-04 20:11:29,858 Not Found: /announce.php
WARNING 2016-11-04 20:11:32,873 Not Found: /announce.php
WARNING 2016-11-04 20:11:32,875 Not Found: /announce.php
WARNING 2016-11-04 20:11:32,873 Not Found: /announce.php
WARNING 2016-11-04 20:11:32,875 Not Found: /announce.php
WARNING 2016-11-04 20:11:34,869 Not Found: /announce.php
WARNING 2016-11-04 20:11:34,869 Not Found: /announce.php
WARNING 2016-11-04 20:13:32,858 Not Found: /announce.php
WARNING 2016-11-04 20:13:32,859 Not Found: /announce.php
WARNING 2016-11-04 20:13:32,859 Not Found: /announce.php
WARNING 2016-11-04 20:13:32,860 Not Found: /announce.php
WARNING 2016-11-04 20:13:32,858 Not Found: /announce.php
WARNING 2016-11-04 20:13:32,859 Not Found: /announce.php
WARNING 2016-11-04 20:13:32,859 Not Found: /announce.php
WARNING 2016-11-04 20:13:32,860 Not Found: /announce.php
WARNING 2016-11-04 20:13:35,852 Not Found: /announce.php
WARNING 2016-11-04 20:13:35,854 Not Found: /announce.php
WARNING 2016-11-04 20:13:35,852 Not Found: /announce.php
WARNING 2016-11-04 20:13:35,854 Not Found: /announce.php
WARNING 2016-11-04 20:15:53,852 Not Found: /announce.php
WARNING 2016-11-04 20:15:53,853 Not Found: /announce.php
WARNING 2016-11-04 20:15:53,854 Not Found: /announce.php
WARNING 2016-11-04 20:15:53,855 Not Found: /announce.php
WARNING 2016-11-04 20:15:53,852 Not Found: /announce.php
WARNING 2016-11-04 20:15:53,853 Not Found: /announce.php
WARNING 2016-11-04 20:15:53,854 Not Found: /announce.php
WARNING 2016-11-04 20:15:53,855 Not Found: /announce.php
WARNING 2016-11-04 20:15:56,858 Not Found: /announce.php
WARNING 2016-11-04 20:15:56,859 Not Found: /announce.php
WARNING 2016-11-04 20:15:56,858 Not Found: /announce.php
WARNING 2016-11-04 20:15:56,859 Not Found: /announce.php
