WARNING 2016-11-15 14:17:38,133 Not Found: /scrape.php
WARNING 2016-11-15 14:17:38,133 Not Found: /scrape.php
WARNING 2016-11-15 14:17:38,140 Not Found: /scrape.php
WARNING 2016-11-15 14:17:38,140 Not Found: /scrape.php
WARNING 2016-11-15 14:17:45,054 Not Found: /announce.php
WARNING 2016-11-15 14:17:45,055 Not Found: /announce.php
WARNING 2016-11-15 14:17:45,054 Not Found: /announce.php
WARNING 2016-11-15 14:17:45,056 Not Found: /announce.php
WARNING 2016-11-15 14:17:45,055 Not Found: /announce.php
WARNING 2016-11-15 14:17:45,056 Not Found: /announce.php
WARNING 2016-11-15 14:17:48,049 Not Found: /announce.php
WARNING 2016-11-15 14:17:48,051 Not Found: /announce.php
WARNING 2016-11-15 14:17:48,049 Not Found: /announce.php
WARNING 2016-11-15 14:17:48,052 Not Found: /announce.php
WARNING 2016-11-15 14:17:48,051 Not Found: /announce.php
WARNING 2016-11-15 14:17:48,052 Not Found: /announce.php
WARNING 2016-11-15 14:17:50,032 Not Found: /announce.php
WARNING 2016-11-15 14:17:50,032 Not Found: /announce.php
WARNING 2016-11-15 14:19:47,997 Not Found: /announce.php
WARNING 2016-11-15 14:19:47,998 Not Found: /announce.php
WARNING 2016-11-15 14:19:47,999 Not Found: /announce.php
WARNING 2016-11-15 14:19:47,997 Not Found: /announce.php
WARNING 2016-11-15 14:19:47,999 Not Found: /announce.php
WARNING 2016-11-15 14:19:47,998 Not Found: /announce.php
WARNING 2016-11-15 14:19:47,999 Not Found: /announce.php
WARNING 2016-11-15 14:19:47,999 Not Found: /announce.php
WARNING 2016-11-15 14:19:51,006 Not Found: /announce.php
WARNING 2016-11-15 14:19:51,006 Not Found: /announce.php
WARNING 2016-11-15 14:19:51,006 Not Found: /announce.php
WARNING 2016-11-15 14:19:51,006 Not Found: /announce.php
WARNING 2016-11-15 14:19:56,999 Not Found: /announce.php
WARNING 2016-11-15 14:19:56,999 Not Found: /announce.php
WARNING 2016-11-15 14:22:09,015 Not Found: /announce.php
WARNING 2016-11-15 14:22:09,016 Not Found: /announce.php
WARNING 2016-11-15 14:22:09,017 Not Found: /announce.php
WARNING 2016-11-15 14:22:09,015 Not Found: /announce.php
WARNING 2016-11-15 14:22:09,016 Not Found: /announce.php
WARNING 2016-11-15 14:22:09,017 Not Found: /announce.php
WARNING 2016-11-15 14:22:18,015 Not Found: /announce.php
WARNING 2016-11-15 14:22:18,015 Not Found: /announce.php
WARNING 2016-11-15 14:24:27,017 Not Found: /announce.php
WARNING 2016-11-15 14:24:27,019 Not Found: /announce.php
WARNING 2016-11-15 14:24:27,017 Not Found: /announce.php
WARNING 2016-11-15 14:24:27,021 Not Found: /announce.php
WARNING 2016-11-15 14:24:27,022 Not Found: /announce.php
WARNING 2016-11-15 14:24:27,019 Not Found: /announce.php
WARNING 2016-11-15 14:24:27,021 Not Found: /announce.php
WARNING 2016-11-15 14:24:27,022 Not Found: /announce.php
WARNING 2016-11-15 14:24:38,999 Not Found: /announce.php
WARNING 2016-11-15 14:24:38,999 Not Found: /announce.php
WARNING 2016-11-15 14:26:48,006 Not Found: /announce.php
WARNING 2016-11-15 14:26:48,006 Not Found: /announce.php
WARNING 2016-11-15 14:26:48,006 Not Found: /announce.php
WARNING 2016-11-15 14:26:48,006 Not Found: /announce.php
WARNING 2016-11-15 14:26:56,998 Not Found: /announce.php
WARNING 2016-11-15 14:26:56,998 Not Found: /announce.php
WARNING 2016-11-15 14:29:09,009 Not Found: /announce.php
WARNING 2016-11-15 14:29:09,010 Not Found: /announce.php
WARNING 2016-11-15 14:29:09,011 Not Found: /announce.php
WARNING 2016-11-15 14:29:09,009 Not Found: /announce.php
WARNING 2016-11-15 14:29:09,010 Not Found: /announce.php
WARNING 2016-11-15 14:29:09,011 Not Found: /announce.php
WARNING 2016-11-15 14:29:17,998 Not Found: /announce.php
WARNING 2016-11-15 14:29:17,998 Not Found: /announce.php
WARNING 2016-11-15 14:31:27,007 Not Found: /announce.php
WARNING 2016-11-15 14:31:27,008 Not Found: /announce.php
WARNING 2016-11-15 14:31:27,009 Not Found: /announce.php
WARNING 2016-11-15 14:31:27,007 Not Found: /announce.php
WARNING 2016-11-15 14:31:27,008 Not Found: /announce.php
WARNING 2016-11-15 14:31:27,009 Not Found: /announce.php
WARNING 2016-11-15 14:31:39,005 Not Found: /announce.php
WARNING 2016-11-15 14:31:39,005 Not Found: /announce.php
WARNING 2016-11-15 14:31:48,014 Not Found: /announce.php
WARNING 2016-11-15 14:31:48,014 Not Found: /announce.php
WARNING 2016-11-15 14:33:48,000 Not Found: /announce.php
WARNING 2016-11-15 14:33:48,001 Not Found: /announce.php
WARNING 2016-11-15 14:33:48,000 Not Found: /announce.php
WARNING 2016-11-15 14:33:48,001 Not Found: /announce.php
ERROR 2016-11-15 14:43:05,086 Internal Server Error: /test
Traceback (most recent call last):
  File "C:\Python34\lib\site-packages\django\core\handlers\base.py", line 108, in get_response
    response = middleware_method(request)
  File "C:\Python34\lib\site-packages\django\middleware\common.py", line 75, in process_request
    urlresolvers.is_valid_path("%s/" % request.path_info, urlconf)):
  File "C:\Python34\lib\site-packages\django\core\urlresolvers.py", line 647, in is_valid_path
    resolve(path, urlconf)
  File "C:\Python34\lib\site-packages\django\core\urlresolvers.py", line 522, in resolve
    return get_resolver(urlconf).resolve(path)
  File "C:\Python34\lib\site-packages\django\core\urlresolvers.py", line 368, in resolve
    sub_match = pattern.resolve(new_path)
  File "C:\Python34\lib\site-packages\django\core\urlresolvers.py", line 240, in resolve
    return ResolverMatch(self.callback, args, kwargs, self.name)
  File "C:\Python34\lib\site-packages\django\core\urlresolvers.py", line 247, in callback
    self._callback = get_callable(self._callback_str)
  File "C:\Python34\lib\functools.py", line 448, in wrapper
    result = user_function(*args, **kwds)
  File "C:\Python34\lib\site-packages\django\core\urlresolvers.py", line 106, in get_callable
    mod = import_module(mod_name)
  File "C:\Python34\lib\importlib\__init__.py", line 109, in import_module
    return _bootstrap._gcd_import(name[level:], package, level)
  File "<frozen importlib._bootstrap>", line 2254, in _gcd_import
  File "<frozen importlib._bootstrap>", line 2237, in _find_and_load
  File "<frozen importlib._bootstrap>", line 2212, in _find_and_load_unlocked
  File "<frozen importlib._bootstrap>", line 321, in _call_with_frames_removed
  File "<frozen importlib._bootstrap>", line 2254, in _gcd_import
  File "<frozen importlib._bootstrap>", line 2237, in _find_and_load
  File "<frozen importlib._bootstrap>", line 2226, in _find_and_load_unlocked
  File "<frozen importlib._bootstrap>", line 1200, in _load_unlocked
  File "<frozen importlib._bootstrap>", line 1129, in _exec
  File "<frozen importlib._bootstrap>", line 1471, in exec_module
  File "<frozen importlib._bootstrap>", line 321, in _call_with_frames_removed
  File "C:\uav\common\views\__init__.py", line 5, in <module>
    from common.views.test import *
  File "C:\uav\common\views\test.py", line 16, in <module>
    from common.tasks import *  #celery   task
  File "C:\uav\common\tasks.py", line 131
    code = baidu_s[''].
                      ^
SyntaxError: invalid syntax
ERROR 2016-11-15 14:43:05,086 Internal Server Error: /test
Traceback (most recent call last):
  File "C:\Python34\lib\site-packages\django\core\handlers\base.py", line 108, in get_response
    response = middleware_method(request)
  File "C:\Python34\lib\site-packages\django\middleware\common.py", line 75, in process_request
    urlresolvers.is_valid_path("%s/" % request.path_info, urlconf)):
  File "C:\Python34\lib\site-packages\django\core\urlresolvers.py", line 647, in is_valid_path
    resolve(path, urlconf)
  File "C:\Python34\lib\site-packages\django\core\urlresolvers.py", line 522, in resolve
    return get_resolver(urlconf).resolve(path)
  File "C:\Python34\lib\site-packages\django\core\urlresolvers.py", line 368, in resolve
    sub_match = pattern.resolve(new_path)
  File "C:\Python34\lib\site-packages\django\core\urlresolvers.py", line 240, in resolve
    return ResolverMatch(self.callback, args, kwargs, self.name)
  File "C:\Python34\lib\site-packages\django\core\urlresolvers.py", line 247, in callback
    self._callback = get_callable(self._callback_str)
  File "C:\Python34\lib\functools.py", line 448, in wrapper
    result = user_function(*args, **kwds)
  File "C:\Python34\lib\site-packages\django\core\urlresolvers.py", line 106, in get_callable
    mod = import_module(mod_name)
  File "C:\Python34\lib\importlib\__init__.py", line 109, in import_module
    return _bootstrap._gcd_import(name[level:], package, level)
  File "<frozen importlib._bootstrap>", line 2254, in _gcd_import
  File "<frozen importlib._bootstrap>", line 2237, in _find_and_load
  File "<frozen importlib._bootstrap>", line 2212, in _find_and_load_unlocked
  File "<frozen importlib._bootstrap>", line 321, in _call_with_frames_removed
  File "<frozen importlib._bootstrap>", line 2254, in _gcd_import
  File "<frozen importlib._bootstrap>", line 2237, in _find_and_load
  File "<frozen importlib._bootstrap>", line 2226, in _find_and_load_unlocked
  File "<frozen importlib._bootstrap>", line 1200, in _load_unlocked
  File "<frozen importlib._bootstrap>", line 1129, in _exec
  File "<frozen importlib._bootstrap>", line 1471, in exec_module
  File "<frozen importlib._bootstrap>", line 321, in _call_with_frames_removed
  File "C:\uav\common\views\__init__.py", line 5, in <module>
    from common.views.test import *
  File "C:\uav\common\views\test.py", line 16, in <module>
    from common.tasks import *  #celery   task
  File "C:\uav\common\tasks.py", line 131
    code = baidu_s[''].
                      ^
SyntaxError: invalid syntax
WARNING 2016-11-15 14:43:05,533 Not Found: /favicon.ico
WARNING 2016-11-15 14:43:05,533 Not Found: /favicon.ico
WARNING 2016-11-15 14:47:48,036 Not Found: /announce.php
WARNING 2016-11-15 14:47:48,038 Not Found: /announce.php
WARNING 2016-11-15 14:47:48,040 Not Found: /announce.php
WARNING 2016-11-15 14:47:48,036 Not Found: /announce.php
WARNING 2016-11-15 14:47:48,038 Not Found: /announce.php
WARNING 2016-11-15 14:47:48,040 Not Found: /announce.php
WARNING 2016-11-15 14:47:51,049 Not Found: /announce.php
WARNING 2016-11-15 14:47:51,051 Not Found: /announce.php
WARNING 2016-11-15 14:47:51,053 Not Found: /announce.php
WARNING 2016-11-15 14:47:51,049 Not Found: /announce.php
WARNING 2016-11-15 14:47:51,051 Not Found: /announce.php
WARNING 2016-11-15 14:47:51,053 Not Found: /announce.php
WARNING 2016-11-15 14:47:53,042 Not Found: /announce.php
WARNING 2016-11-15 14:47:53,042 Not Found: /announce.php
ERROR 2016-11-15 14:48:29,112 Internal Server Error: /test/
Traceback (most recent call last):
  File "C:\Python34\lib\site-packages\django\core\handlers\base.py", line 132, in get_response
    response = wrapped_callback(request, *callback_args, **callback_kwargs)
  File "C:\Python34\lib\site-packages\django\contrib\auth\decorators.py", line 22, in _wrapped_view
    return view_func(request, *args, **kwargs)
  File "C:\uav\common\views\test.py", line 32, in test
    baidu_s = eval(u.read())
  File "<string>", line 1
    renderReverse&&renderReverse({"status":0,"result":{"location":{"lng":115.99999999999995,"lat":40.00000006997679},"formatted_address":"北京市门头沟区","business":"","addressComponent":{"country":"中国","country_code":0,"province":"北京市","city":"北京市","district":"门头沟区","adcode":"110109","street":"","street_number":"","direction":"","distance":""},"pois":[],"poiRegions":[],"sematic_description":"","cityCode":131}})
                  ^
SyntaxError: invalid syntax
ERROR 2016-11-15 14:48:29,112 Internal Server Error: /test/
Traceback (most recent call last):
  File "C:\Python34\lib\site-packages\django\core\handlers\base.py", line 132, in get_response
    response = wrapped_callback(request, *callback_args, **callback_kwargs)
  File "C:\Python34\lib\site-packages\django\contrib\auth\decorators.py", line 22, in _wrapped_view
    return view_func(request, *args, **kwargs)
  File "C:\uav\common\views\test.py", line 32, in test
    baidu_s = eval(u.read())
  File "<string>", line 1
    renderReverse&&renderReverse({"status":0,"result":{"location":{"lng":115.99999999999995,"lat":40.00000006997679},"formatted_address":"北京市门头沟区","business":"","addressComponent":{"country":"中国","country_code":0,"province":"北京市","city":"北京市","district":"门头沟区","adcode":"110109","street":"","street_number":"","direction":"","distance":""},"pois":[],"poiRegions":[],"sematic_description":"","cityCode":131}})
                  ^
SyntaxError: invalid syntax
ERROR 2016-11-15 14:49:31,110 Internal Server Error: /test/
Traceback (most recent call last):
  File "C:\Python34\lib\site-packages\django\core\handlers\base.py", line 132, in get_response
    response = wrapped_callback(request, *callback_args, **callback_kwargs)
  File "C:\Python34\lib\site-packages\django\contrib\auth\decorators.py", line 22, in _wrapped_view
    return view_func(request, *args, **kwargs)
  File "C:\uav\common\views\test.py", line 32, in test
    baidu_s = eval(u.read())
  File "<string>", line 1
    renderReverse&&renderReverse({"status":0,"result":{"location":{"lng":115.99999999999995,"lat":40.00000006997679},"formatted_address":"北京市门头沟区","business":"","addressComponent":{"country":"中国","country_code":0,"province":"北京市","city":"北京市","district":"门头沟区","adcode":"110109","street":"","street_number":"","direction":"","distance":""},"pois":[],"poiRegions":[],"sematic_description":"","cityCode":131}})
                  ^
SyntaxError: invalid syntax
ERROR 2016-11-15 14:49:31,110 Internal Server Error: /test/
Traceback (most recent call last):
  File "C:\Python34\lib\site-packages\django\core\handlers\base.py", line 132, in get_response
    response = wrapped_callback(request, *callback_args, **callback_kwargs)
  File "C:\Python34\lib\site-packages\django\contrib\auth\decorators.py", line 22, in _wrapped_view
    return view_func(request, *args, **kwargs)
  File "C:\uav\common\views\test.py", line 32, in test
    baidu_s = eval(u.read())
  File "<string>", line 1
    renderReverse&&renderReverse({"status":0,"result":{"location":{"lng":115.99999999999995,"lat":40.00000006997679},"formatted_address":"北京市门头沟区","business":"","addressComponent":{"country":"中国","country_code":0,"province":"北京市","city":"北京市","district":"门头沟区","adcode":"110109","street":"","street_number":"","direction":"","distance":""},"pois":[],"poiRegions":[],"sematic_description":"","cityCode":131}})
                  ^
SyntaxError: invalid syntax
WARNING 2016-11-15 14:49:51,036 Not Found: /announce.php
WARNING 2016-11-15 14:49:51,036 Not Found: /announce.php
WARNING 2016-11-15 14:49:51,037 Not Found: /announce.php
WARNING 2016-11-15 14:49:51,038 Not Found: /announce.php
WARNING 2016-11-15 14:49:51,036 Not Found: /announce.php
WARNING 2016-11-15 14:49:51,036 Not Found: /announce.php
WARNING 2016-11-15 14:49:51,037 Not Found: /announce.php
WARNING 2016-11-15 14:49:51,038 Not Found: /announce.php
WARNING 2016-11-15 14:49:54,030 Not Found: /announce.php
WARNING 2016-11-15 14:49:54,033 Not Found: /announce.php
WARNING 2016-11-15 14:49:54,030 Not Found: /announce.php
WARNING 2016-11-15 14:49:54,033 Not Found: /announce.php
WARNING 2016-11-15 14:50:00,039 Not Found: /announce.php
WARNING 2016-11-15 14:50:00,039 Not Found: /announce.php
ERROR 2016-11-15 14:50:54,130 Internal Server Error: /test/
Traceback (most recent call last):
  File "C:\Python34\lib\site-packages\django\core\handlers\base.py", line 132, in get_response
    response = wrapped_callback(request, *callback_args, **callback_kwargs)
  File "C:\Python34\lib\site-packages\django\contrib\auth\decorators.py", line 22, in _wrapped_view
    return view_func(request, *args, **kwargs)
  File "C:\uav\common\views\test.py", line 45, in test
    baidu_s = eval(u.read())
  File "<string>", line 1
    renderReverse&&renderReverse({"status":0,"result":{"location":{"lng":115.99999999999995,"lat":40.00000006997679},"formatted_address":"北京市门头沟区","business":"","addressComponent":{"country":"中国","country_code":0,"province":"北京市","city":"北京市","district":"门头沟区","adcode":"110109","street":"","street_number":"","direction":"","distance":""},"pois":[],"poiRegions":[],"sematic_description":"","cityCode":131}})
                  ^
SyntaxError: invalid syntax
ERROR 2016-11-15 14:50:54,130 Internal Server Error: /test/
Traceback (most recent call last):
  File "C:\Python34\lib\site-packages\django\core\handlers\base.py", line 132, in get_response
    response = wrapped_callback(request, *callback_args, **callback_kwargs)
  File "C:\Python34\lib\site-packages\django\contrib\auth\decorators.py", line 22, in _wrapped_view
    return view_func(request, *args, **kwargs)
  File "C:\uav\common\views\test.py", line 45, in test
    baidu_s = eval(u.read())
  File "<string>", line 1
    renderReverse&&renderReverse({"status":0,"result":{"location":{"lng":115.99999999999995,"lat":40.00000006997679},"formatted_address":"北京市门头沟区","business":"","addressComponent":{"country":"中国","country_code":0,"province":"北京市","city":"北京市","district":"门头沟区","adcode":"110109","street":"","street_number":"","direction":"","distance":""},"pois":[],"poiRegions":[],"sematic_description":"","cityCode":131}})
                  ^
SyntaxError: invalid syntax
WARNING 2016-11-15 14:52:12,030 Not Found: /announce.php
WARNING 2016-11-15 14:52:12,031 Not Found: /announce.php
WARNING 2016-11-15 14:52:12,032 Not Found: /announce.php
WARNING 2016-11-15 14:52:12,030 Not Found: /announce.php
WARNING 2016-11-15 14:52:12,031 Not Found: /announce.php
WARNING 2016-11-15 14:52:12,032 Not Found: /announce.php
WARNING 2016-11-15 14:52:21,045 Not Found: /announce.php
WARNING 2016-11-15 14:52:21,045 Not Found: /announce.php
WARNING 2016-11-15 14:54:30,048 Not Found: /announce.php
WARNING 2016-11-15 14:54:30,049 Not Found: /announce.php
WARNING 2016-11-15 14:54:30,050 Not Found: /announce.php
WARNING 2016-11-15 14:54:30,051 Not Found: /announce.php
WARNING 2016-11-15 14:54:30,048 Not Found: /announce.php
WARNING 2016-11-15 14:54:30,049 Not Found: /announce.php
WARNING 2016-11-15 14:54:30,050 Not Found: /announce.php
WARNING 2016-11-15 14:54:30,051 Not Found: /announce.php
WARNING 2016-11-15 14:54:42,024 Not Found: /announce.php
WARNING 2016-11-15 14:54:42,024 Not Found: /announce.php
WARNING 2016-11-15 14:56:51,028 Not Found: /announce.php
WARNING 2016-11-15 14:56:51,030 Not Found: /announce.php
WARNING 2016-11-15 14:56:51,028 Not Found: /announce.php
WARNING 2016-11-15 14:56:51,030 Not Found: /announce.php
WARNING 2016-11-15 14:57:00,038 Not Found: /announce.php
WARNING 2016-11-15 14:57:00,038 Not Found: /announce.php
WARNING 2016-11-15 15:00:29,880 Not Found: /scrape.php
WARNING 2016-11-15 15:00:29,881 Not Found: /scrape.php
WARNING 2016-11-15 15:00:29,880 Not Found: /scrape.php
WARNING 2016-11-15 15:00:29,881 Not Found: /scrape.php
WARNING 2016-11-15 15:00:37,613 Not Found: /announce.php
WARNING 2016-11-15 15:00:37,615 Not Found: /announce.php
WARNING 2016-11-15 15:00:37,617 Not Found: /announce.php
WARNING 2016-11-15 15:00:37,613 Not Found: /announce.php
WARNING 2016-11-15 15:00:37,615 Not Found: /announce.php
WARNING 2016-11-15 15:00:37,617 Not Found: /announce.php
WARNING 2016-11-15 15:00:40,600 Not Found: /announce.php
WARNING 2016-11-15 15:00:40,602 Not Found: /announce.php
WARNING 2016-11-15 15:00:40,604 Not Found: /announce.php
WARNING 2016-11-15 15:00:40,606 Not Found: /announce.php
WARNING 2016-11-15 15:00:40,600 Not Found: /announce.php
WARNING 2016-11-15 15:00:40,602 Not Found: /announce.php
WARNING 2016-11-15 15:00:40,604 Not Found: /announce.php
WARNING 2016-11-15 15:00:40,606 Not Found: /announce.php
WARNING 2016-11-15 15:02:49,583 Not Found: /announce.php
WARNING 2016-11-15 15:02:49,583 Not Found: /announce.php
WARNING 2016-11-15 15:02:49,584 Not Found: /announce.php
WARNING 2016-11-15 15:02:49,585 Not Found: /announce.php
WARNING 2016-11-15 15:02:49,583 Not Found: /announce.php
WARNING 2016-11-15 15:02:49,583 Not Found: /announce.php
WARNING 2016-11-15 15:02:49,584 Not Found: /announce.php
WARNING 2016-11-15 15:02:49,585 Not Found: /announce.php
WARNING 2016-11-15 15:02:52,563 Not Found: /announce.php
WARNING 2016-11-15 15:02:52,563 Not Found: /announce.php
WARNING 2016-11-15 15:02:52,563 Not Found: /announce.php
WARNING 2016-11-15 15:02:52,563 Not Found: /announce.php
WARNING 2016-11-15 15:05:07,577 Not Found: /announce.php
WARNING 2016-11-15 15:05:07,578 Not Found: /announce.php
WARNING 2016-11-15 15:05:07,578 Not Found: /announce.php
WARNING 2016-11-15 15:05:07,579 Not Found: /announce.php
WARNING 2016-11-15 15:05:07,577 Not Found: /announce.php
WARNING 2016-11-15 15:05:07,578 Not Found: /announce.php
WARNING 2016-11-15 15:05:07,578 Not Found: /announce.php
WARNING 2016-11-15 15:05:07,579 Not Found: /announce.php
WARNING 2016-11-15 15:05:10,583 Not Found: /announce.php
WARNING 2016-11-15 15:05:10,584 Not Found: /announce.php
WARNING 2016-11-15 15:05:10,585 Not Found: /announce.php
WARNING 2016-11-15 15:05:10,586 Not Found: /announce.php
WARNING 2016-11-15 15:05:10,583 Not Found: /announce.php
WARNING 2016-11-15 15:05:10,584 Not Found: /announce.php
WARNING 2016-11-15 15:05:10,585 Not Found: /announce.php
WARNING 2016-11-15 15:05:10,586 Not Found: /announce.php
WARNING 2016-11-15 15:07:28,606 Not Found: /announce.php
WARNING 2016-11-15 15:07:28,609 Not Found: /announce.php
WARNING 2016-11-15 15:07:28,611 Not Found: /announce.php
WARNING 2016-11-15 15:07:28,614 Not Found: /announce.php
WARNING 2016-11-15 15:07:28,606 Not Found: /announce.php
WARNING 2016-11-15 15:07:28,609 Not Found: /announce.php
WARNING 2016-11-15 15:07:28,611 Not Found: /announce.php
WARNING 2016-11-15 15:07:28,614 Not Found: /announce.php
WARNING 2016-11-15 15:07:31,599 Not Found: /announce.php
WARNING 2016-11-15 15:07:31,600 Not Found: /announce.php
WARNING 2016-11-15 15:07:31,601 Not Found: /announce.php
WARNING 2016-11-15 15:07:31,601 Not Found: /announce.php
WARNING 2016-11-15 15:07:31,599 Not Found: /announce.php
WARNING 2016-11-15 15:07:31,600 Not Found: /announce.php
WARNING 2016-11-15 15:07:31,601 Not Found: /announce.php
WARNING 2016-11-15 15:07:31,601 Not Found: /announce.php
WARNING 2016-11-15 15:09:49,580 Not Found: /announce.php
WARNING 2016-11-15 15:09:49,583 Not Found: /announce.php
WARNING 2016-11-15 15:09:49,585 Not Found: /announce.php
WARNING 2016-11-15 15:09:49,587 Not Found: /announce.php
WARNING 2016-11-15 15:09:49,580 Not Found: /announce.php
WARNING 2016-11-15 15:09:49,583 Not Found: /announce.php
WARNING 2016-11-15 15:09:49,585 Not Found: /announce.php
WARNING 2016-11-15 15:09:49,587 Not Found: /announce.php
WARNING 2016-11-15 15:09:52,591 Not Found: /announce.php
WARNING 2016-11-15 15:09:52,592 Not Found: /announce.php
WARNING 2016-11-15 15:09:52,593 Not Found: /announce.php
WARNING 2016-11-15 15:09:52,591 Not Found: /announce.php
WARNING 2016-11-15 15:09:52,592 Not Found: /announce.php
WARNING 2016-11-15 15:09:52,593 Not Found: /announce.php
ERROR 2016-11-15 15:12:06,320 Internal Server Error: /test/
Traceback (most recent call last):
  File "C:\Python34\lib\site-packages\django\core\handlers\base.py", line 132, in get_response
    response = wrapped_callback(request, *callback_args, **callback_kwargs)
  File "C:\Python34\lib\site-packages\django\contrib\auth\decorators.py", line 22, in _wrapped_view
    return view_func(request, *args, **kwargs)
  File "C:\uav\common\views\test.py", line 34, in test
    return HttpResponse(baidu_s['status']+',,,'+baidu_s['result']['addressComponent']['adcode'])
TypeError: unsupported operand type(s) for +: 'int' and 'str'
ERROR 2016-11-15 15:12:06,320 Internal Server Error: /test/
Traceback (most recent call last):
  File "C:\Python34\lib\site-packages\django\core\handlers\base.py", line 132, in get_response
    response = wrapped_callback(request, *callback_args, **callback_kwargs)
  File "C:\Python34\lib\site-packages\django\contrib\auth\decorators.py", line 22, in _wrapped_view
    return view_func(request, *args, **kwargs)
  File "C:\uav\common\views\test.py", line 34, in test
    return HttpResponse(baidu_s['status']+',,,'+baidu_s['result']['addressComponent']['adcode'])
TypeError: unsupported operand type(s) for +: 'int' and 'str'
WARNING 2016-11-15 15:12:07,577 Not Found: /announce.php
WARNING 2016-11-15 15:12:07,577 Not Found: /announce.php
ERROR 2016-11-15 15:16:44,350 Internal Server Error: /frontend/all_job_rtree_ajax/
Traceback (most recent call last):
  File "C:\uav\frontend\views\ajax\frontend_all_job_rtree_ajax.py", line 52, in frontend_all_job_rtree_ajax
    All_Job_Rtree_Logger.delay(username,(lng_min+lng_max)/2,(lat_min+lat_max)/2)
NameError: name 'username' is not defined

During handling of the above exception, another exception occurred:

Traceback (most recent call last):
  File "C:\Python34\lib\site-packages\django\core\handlers\base.py", line 132, in get_response
    response = wrapped_callback(request, *callback_args, **callback_kwargs)
  File "C:\Python34\lib\site-packages\django\views\decorators\csrf.py", line 58, in wrapped_view
    return view_func(*args, **kwargs)
  File "C:\uav\frontend\views\ajax\frontend_all_job_rtree_ajax.py", line 57, in frontend_all_job_rtree_ajax
    messages.warning(request, '数据出错，请联系管理员')
NameError: name 'messages' is not defined
ERROR 2016-11-15 15:16:44,350 Internal Server Error: /frontend/all_job_rtree_ajax/
Traceback (most recent call last):
  File "C:\uav\frontend\views\ajax\frontend_all_job_rtree_ajax.py", line 52, in frontend_all_job_rtree_ajax
    All_Job_Rtree_Logger.delay(username,(lng_min+lng_max)/2,(lat_min+lat_max)/2)
NameError: name 'username' is not defined

During handling of the above exception, another exception occurred:

Traceback (most recent call last):
  File "C:\Python34\lib\site-packages\django\core\handlers\base.py", line 132, in get_response
    response = wrapped_callback(request, *callback_args, **callback_kwargs)
  File "C:\Python34\lib\site-packages\django\views\decorators\csrf.py", line 58, in wrapped_view
    return view_func(*args, **kwargs)
  File "C:\uav\frontend\views\ajax\frontend_all_job_rtree_ajax.py", line 57, in frontend_all_job_rtree_ajax
    messages.warning(request, '数据出错，请联系管理员')
NameError: name 'messages' is not defined
ERROR 2016-11-15 15:17:39,428 Internal Server Error: /frontend/all_job_rtree_ajax/
Traceback (most recent call last):
  File "C:\Python34\lib\site-packages\kombu\utils\__init__.py", line 423, in __call__
    return self.__value__
AttributeError: 'ChannelPromise' object has no attribute '__value__'

During handling of the above exception, another exception occurred:

Traceback (most recent call last):
  File "C:\Python34\lib\site-packages\kombu\connection.py", line 436, in _ensured
    return fun(*args, **kwargs)
  File "C:\Python34\lib\site-packages\kombu\messaging.py", line 177, in _publish
    channel = self.channel
  File "C:\Python34\lib\site-packages\kombu\messaging.py", line 194, in _get_channel
    channel = self._channel = channel()
  File "C:\Python34\lib\site-packages\kombu\utils\__init__.py", line 425, in __call__
    value = self.__value__ = self.__contract__()
  File "C:\Python34\lib\site-packages\kombu\messaging.py", line 209, in <lambda>
    channel = ChannelPromise(lambda: connection.default_channel)
  File "C:\Python34\lib\site-packages\kombu\connection.py", line 756, in default_channel
    self.connection
  File "C:\Python34\lib\site-packages\kombu\connection.py", line 741, in connection
    self._connection = self._establish_connection()
  File "C:\Python34\lib\site-packages\kombu\connection.py", line 696, in _establish_connection
    conn = self.transport.establish_connection()
  File "C:\Python34\lib\site-packages\kombu\transport\pyamqp.py", line 116, in establish_connection
    conn = self.Connection(**opts)
  File "C:\Python34\lib\site-packages\amqp\connection.py", line 165, in __init__
    self.transport = self.Transport(host, connect_timeout, ssl)
  File "C:\Python34\lib\site-packages\amqp\connection.py", line 186, in Transport
    return create_transport(host, connect_timeout, ssl)
  File "C:\Python34\lib\site-packages\amqp\transport.py", line 299, in create_transport
    return TCPTransport(host, connect_timeout)
  File "C:\Python34\lib\site-packages\amqp\transport.py", line 95, in __init__
    raise socket.error(last_err)
OSError: [WinError 10061] 由于目标计算机积极拒绝，无法连接。

During handling of the above exception, another exception occurred:

Traceback (most recent call last):
  File "C:\uav\frontend\views\ajax\frontend_all_job_rtree_ajax.py", line 52, in frontend_all_job_rtree_ajax
    All_Job_Rtree_Logger.delay(nowuser,(lng_min+lng_max)/2,(lat_min+lat_max)/2)
  File "C:\Python34\lib\site-packages\celery\app\task.py", line 453, in delay
    return self.apply_async(args, kwargs)
  File "C:\Python34\lib\site-packages\celery\app\task.py", line 560, in apply_async
    **dict(self._get_exec_options(), **options)
  File "C:\Python34\lib\site-packages\celery\app\base.py", line 354, in send_task
    reply_to=reply_to or self.oid, **options
  File "C:\Python34\lib\site-packages\celery\app\amqp.py", line 305, in publish_task
    **kwargs
  File "C:\Python34\lib\site-packages\kombu\messaging.py", line 172, in publish
    routing_key, mandatory, immediate, exchange, declare)
  File "C:\Python34\lib\site-packages\kombu\connection.py", line 457, in _ensured
    interval_max)
  File "C:\Python34\lib\site-packages\kombu\connection.py", line 369, in ensure_connection
    interval_start, interval_step, interval_max, callback)
  File "C:\Python34\lib\site-packages\kombu\utils\__init__.py", line 246, in retry_over_time
    return fun(*args, **kwargs)
  File "C:\Python34\lib\site-packages\kombu\connection.py", line 237, in connect
    return self.connection
  File "C:\Python34\lib\site-packages\kombu\connection.py", line 741, in connection
    self._connection = self._establish_connection()
  File "C:\Python34\lib\site-packages\kombu\connection.py", line 696, in _establish_connection
    conn = self.transport.establish_connection()
  File "C:\Python34\lib\site-packages\kombu\transport\pyamqp.py", line 116, in establish_connection
    conn = self.Connection(**opts)
  File "C:\Python34\lib\site-packages\amqp\connection.py", line 165, in __init__
    self.transport = self.Transport(host, connect_timeout, ssl)
  File "C:\Python34\lib\site-packages\amqp\connection.py", line 186, in Transport
    return create_transport(host, connect_timeout, ssl)
  File "C:\Python34\lib\site-packages\amqp\transport.py", line 299, in create_transport
    return TCPTransport(host, connect_timeout)
  File "C:\Python34\lib\site-packages\amqp\transport.py", line 95, in __init__
    raise socket.error(last_err)
OSError: [WinError 10061] 由于目标计算机积极拒绝，无法连接。

During handling of the above exception, another exception occurred:

Traceback (most recent call last):
  File "C:\Python34\lib\site-packages\django\core\handlers\base.py", line 132, in get_response
    response = wrapped_callback(request, *callback_args, **callback_kwargs)
  File "C:\Python34\lib\site-packages\django\views\decorators\csrf.py", line 58, in wrapped_view
    return view_func(*args, **kwargs)
  File "C:\uav\frontend\views\ajax\frontend_all_job_rtree_ajax.py", line 57, in frontend_all_job_rtree_ajax
    messages.warning(request, '数据出错，请联系管理员')
NameError: name 'messages' is not defined
ERROR 2016-11-15 15:17:39,428 Internal Server Error: /frontend/all_job_rtree_ajax/
Traceback (most recent call last):
  File "C:\Python34\lib\site-packages\kombu\utils\__init__.py", line 423, in __call__
    return self.__value__
AttributeError: 'ChannelPromise' object has no attribute '__value__'

During handling of the above exception, another exception occurred:

Traceback (most recent call last):
  File "C:\Python34\lib\site-packages\kombu\connection.py", line 436, in _ensured
    return fun(*args, **kwargs)
  File "C:\Python34\lib\site-packages\kombu\messaging.py", line 177, in _publish
    channel = self.channel
  File "C:\Python34\lib\site-packages\kombu\messaging.py", line 194, in _get_channel
    channel = self._channel = channel()
  File "C:\Python34\lib\site-packages\kombu\utils\__init__.py", line 425, in __call__
    value = self.__value__ = self.__contract__()
  File "C:\Python34\lib\site-packages\kombu\messaging.py", line 209, in <lambda>
    channel = ChannelPromise(lambda: connection.default_channel)
  File "C:\Python34\lib\site-packages\kombu\connection.py", line 756, in default_channel
    self.connection
  File "C:\Python34\lib\site-packages\kombu\connection.py", line 741, in connection
    self._connection = self._establish_connection()
  File "C:\Python34\lib\site-packages\kombu\connection.py", line 696, in _establish_connection
    conn = self.transport.establish_connection()
  File "C:\Python34\lib\site-packages\kombu\transport\pyamqp.py", line 116, in establish_connection
    conn = self.Connection(**opts)
  File "C:\Python34\lib\site-packages\amqp\connection.py", line 165, in __init__
    self.transport = self.Transport(host, connect_timeout, ssl)
  File "C:\Python34\lib\site-packages\amqp\connection.py", line 186, in Transport
    return create_transport(host, connect_timeout, ssl)
  File "C:\Python34\lib\site-packages\amqp\transport.py", line 299, in create_transport
    return TCPTransport(host, connect_timeout)
  File "C:\Python34\lib\site-packages\amqp\transport.py", line 95, in __init__
    raise socket.error(last_err)
OSError: [WinError 10061] 由于目标计算机积极拒绝，无法连接。

During handling of the above exception, another exception occurred:

Traceback (most recent call last):
  File "C:\uav\frontend\views\ajax\frontend_all_job_rtree_ajax.py", line 52, in frontend_all_job_rtree_ajax
    All_Job_Rtree_Logger.delay(nowuser,(lng_min+lng_max)/2,(lat_min+lat_max)/2)
  File "C:\Python34\lib\site-packages\celery\app\task.py", line 453, in delay
    return self.apply_async(args, kwargs)
  File "C:\Python34\lib\site-packages\celery\app\task.py", line 560, in apply_async
    **dict(self._get_exec_options(), **options)
  File "C:\Python34\lib\site-packages\celery\app\base.py", line 354, in send_task
    reply_to=reply_to or self.oid, **options
  File "C:\Python34\lib\site-packages\celery\app\amqp.py", line 305, in publish_task
    **kwargs
  File "C:\Python34\lib\site-packages\kombu\messaging.py", line 172, in publish
    routing_key, mandatory, immediate, exchange, declare)
  File "C:\Python34\lib\site-packages\kombu\connection.py", line 457, in _ensured
    interval_max)
  File "C:\Python34\lib\site-packages\kombu\connection.py", line 369, in ensure_connection
    interval_start, interval_step, interval_max, callback)
  File "C:\Python34\lib\site-packages\kombu\utils\__init__.py", line 246, in retry_over_time
    return fun(*args, **kwargs)
  File "C:\Python34\lib\site-packages\kombu\connection.py", line 237, in connect
    return self.connection
  File "C:\Python34\lib\site-packages\kombu\connection.py", line 741, in connection
    self._connection = self._establish_connection()
  File "C:\Python34\lib\site-packages\kombu\connection.py", line 696, in _establish_connection
    conn = self.transport.establish_connection()
  File "C:\Python34\lib\site-packages\kombu\transport\pyamqp.py", line 116, in establish_connection
    conn = self.Connection(**opts)
  File "C:\Python34\lib\site-packages\amqp\connection.py", line 165, in __init__
    self.transport = self.Transport(host, connect_timeout, ssl)
  File "C:\Python34\lib\site-packages\amqp\connection.py", line 186, in Transport
    return create_transport(host, connect_timeout, ssl)
  File "C:\Python34\lib\site-packages\amqp\transport.py", line 299, in create_transport
    return TCPTransport(host, connect_timeout)
  File "C:\Python34\lib\site-packages\amqp\transport.py", line 95, in __init__
    raise socket.error(last_err)
OSError: [WinError 10061] 由于目标计算机积极拒绝，无法连接。

During handling of the above exception, another exception occurred:

Traceback (most recent call last):
  File "C:\Python34\lib\site-packages\django\core\handlers\base.py", line 132, in get_response
    response = wrapped_callback(request, *callback_args, **callback_kwargs)
  File "C:\Python34\lib\site-packages\django\views\decorators\csrf.py", line 58, in wrapped_view
    return view_func(*args, **kwargs)
  File "C:\uav\frontend\views\ajax\frontend_all_job_rtree_ajax.py", line 57, in frontend_all_job_rtree_ajax
    messages.warning(request, '数据出错，请联系管理员')
NameError: name 'messages' is not defined
ERROR 2016-11-15 15:17:41,620 Internal Server Error: /frontend/all_job_rtree_ajax/
Traceback (most recent call last):
  File "C:\Python34\lib\site-packages\kombu\utils\__init__.py", line 423, in __call__
    return self.__value__
AttributeError: 'ChannelPromise' object has no attribute '__value__'

During handling of the above exception, another exception occurred:

Traceback (most recent call last):
  File "C:\Python34\lib\site-packages\kombu\connection.py", line 436, in _ensured
    return fun(*args, **kwargs)
  File "C:\Python34\lib\site-packages\kombu\messaging.py", line 177, in _publish
    channel = self.channel
  File "C:\Python34\lib\site-packages\kombu\messaging.py", line 194, in _get_channel
    channel = self._channel = channel()
  File "C:\Python34\lib\site-packages\kombu\utils\__init__.py", line 425, in __call__
    value = self.__value__ = self.__contract__()
  File "C:\Python34\lib\site-packages\kombu\messaging.py", line 209, in <lambda>
    channel = ChannelPromise(lambda: connection.default_channel)
  File "C:\Python34\lib\site-packages\kombu\connection.py", line 756, in default_channel
    self.connection
  File "C:\Python34\lib\site-packages\kombu\connection.py", line 741, in connection
    self._connection = self._establish_connection()
  File "C:\Python34\lib\site-packages\kombu\connection.py", line 696, in _establish_connection
    conn = self.transport.establish_connection()
  File "C:\Python34\lib\site-packages\kombu\transport\pyamqp.py", line 116, in establish_connection
    conn = self.Connection(**opts)
  File "C:\Python34\lib\site-packages\amqp\connection.py", line 165, in __init__
    self.transport = self.Transport(host, connect_timeout, ssl)
  File "C:\Python34\lib\site-packages\amqp\connection.py", line 186, in Transport
    return create_transport(host, connect_timeout, ssl)
  File "C:\Python34\lib\site-packages\amqp\transport.py", line 299, in create_transport
    return TCPTransport(host, connect_timeout)
  File "C:\Python34\lib\site-packages\amqp\transport.py", line 95, in __init__
    raise socket.error(last_err)
OSError: [WinError 10061] 由于目标计算机积极拒绝，无法连接。

During handling of the above exception, another exception occurred:

Traceback (most recent call last):
  File "C:\uav\frontend\views\ajax\frontend_all_job_rtree_ajax.py", line 52, in frontend_all_job_rtree_ajax
    All_Job_Rtree_Logger.delay(nowuser,(lng_min+lng_max)/2,(lat_min+lat_max)/2)
  File "C:\Python34\lib\site-packages\celery\app\task.py", line 453, in delay
    return self.apply_async(args, kwargs)
  File "C:\Python34\lib\site-packages\celery\app\task.py", line 560, in apply_async
    **dict(self._get_exec_options(), **options)
  File "C:\Python34\lib\site-packages\celery\app\base.py", line 354, in send_task
    reply_to=reply_to or self.oid, **options
  File "C:\Python34\lib\site-packages\celery\app\amqp.py", line 305, in publish_task
    **kwargs
  File "C:\Python34\lib\site-packages\kombu\messaging.py", line 172, in publish
    routing_key, mandatory, immediate, exchange, declare)
  File "C:\Python34\lib\site-packages\kombu\connection.py", line 457, in _ensured
    interval_max)
  File "C:\Python34\lib\site-packages\kombu\connection.py", line 369, in ensure_connection
    interval_start, interval_step, interval_max, callback)
  File "C:\Python34\lib\site-packages\kombu\utils\__init__.py", line 246, in retry_over_time
    return fun(*args, **kwargs)
  File "C:\Python34\lib\site-packages\kombu\connection.py", line 237, in connect
    return self.connection
  File "C:\Python34\lib\site-packages\kombu\connection.py", line 741, in connection
    self._connection = self._establish_connection()
  File "C:\Python34\lib\site-packages\kombu\connection.py", line 696, in _establish_connection
    conn = self.transport.establish_connection()
  File "C:\Python34\lib\site-packages\kombu\transport\pyamqp.py", line 116, in establish_connection
    conn = self.Connection(**opts)
  File "C:\Python34\lib\site-packages\amqp\connection.py", line 165, in __init__
    self.transport = self.Transport(host, connect_timeout, ssl)
  File "C:\Python34\lib\site-packages\amqp\connection.py", line 186, in Transport
    return create_transport(host, connect_timeout, ssl)
  File "C:\Python34\lib\site-packages\amqp\transport.py", line 299, in create_transport
    return TCPTransport(host, connect_timeout)
  File "C:\Python34\lib\site-packages\amqp\transport.py", line 95, in __init__
    raise socket.error(last_err)
OSError: [WinError 10061] 由于目标计算机积极拒绝，无法连接。

During handling of the above exception, another exception occurred:

Traceback (most recent call last):
  File "C:\Python34\lib\site-packages\django\core\handlers\base.py", line 132, in get_response
    response = wrapped_callback(request, *callback_args, **callback_kwargs)
  File "C:\Python34\lib\site-packages\django\views\decorators\csrf.py", line 58, in wrapped_view
    return view_func(*args, **kwargs)
  File "C:\uav\frontend\views\ajax\frontend_all_job_rtree_ajax.py", line 57, in frontend_all_job_rtree_ajax
    messages.warning(request, '数据出错，请联系管理员')
NameError: name 'messages' is not defined
ERROR 2016-11-15 15:17:41,620 Internal Server Error: /frontend/all_job_rtree_ajax/
Traceback (most recent call last):
  File "C:\Python34\lib\site-packages\kombu\utils\__init__.py", line 423, in __call__
    return self.__value__
AttributeError: 'ChannelPromise' object has no attribute '__value__'

During handling of the above exception, another exception occurred:

Traceback (most recent call last):
  File "C:\Python34\lib\site-packages\kombu\connection.py", line 436, in _ensured
    return fun(*args, **kwargs)
  File "C:\Python34\lib\site-packages\kombu\messaging.py", line 177, in _publish
    channel = self.channel
  File "C:\Python34\lib\site-packages\kombu\messaging.py", line 194, in _get_channel
    channel = self._channel = channel()
  File "C:\Python34\lib\site-packages\kombu\utils\__init__.py", line 425, in __call__
    value = self.__value__ = self.__contract__()
  File "C:\Python34\lib\site-packages\kombu\messaging.py", line 209, in <lambda>
    channel = ChannelPromise(lambda: connection.default_channel)
  File "C:\Python34\lib\site-packages\kombu\connection.py", line 756, in default_channel
    self.connection
  File "C:\Python34\lib\site-packages\kombu\connection.py", line 741, in connection
    self._connection = self._establish_connection()
  File "C:\Python34\lib\site-packages\kombu\connection.py", line 696, in _establish_connection
    conn = self.transport.establish_connection()
  File "C:\Python34\lib\site-packages\kombu\transport\pyamqp.py", line 116, in establish_connection
    conn = self.Connection(**opts)
  File "C:\Python34\lib\site-packages\amqp\connection.py", line 165, in __init__
    self.transport = self.Transport(host, connect_timeout, ssl)
  File "C:\Python34\lib\site-packages\amqp\connection.py", line 186, in Transport
    return create_transport(host, connect_timeout, ssl)
  File "C:\Python34\lib\site-packages\amqp\transport.py", line 299, in create_transport
    return TCPTransport(host, connect_timeout)
  File "C:\Python34\lib\site-packages\amqp\transport.py", line 95, in __init__
    raise socket.error(last_err)
OSError: [WinError 10061] 由于目标计算机积极拒绝，无法连接。

During handling of the above exception, another exception occurred:

Traceback (most recent call last):
  File "C:\uav\frontend\views\ajax\frontend_all_job_rtree_ajax.py", line 52, in frontend_all_job_rtree_ajax
    All_Job_Rtree_Logger.delay(nowuser,(lng_min+lng_max)/2,(lat_min+lat_max)/2)
  File "C:\Python34\lib\site-packages\celery\app\task.py", line 453, in delay
    return self.apply_async(args, kwargs)
  File "C:\Python34\lib\site-packages\celery\app\task.py", line 560, in apply_async
    **dict(self._get_exec_options(), **options)
  File "C:\Python34\lib\site-packages\celery\app\base.py", line 354, in send_task
    reply_to=reply_to or self.oid, **options
  File "C:\Python34\lib\site-packages\celery\app\amqp.py", line 305, in publish_task
    **kwargs
  File "C:\Python34\lib\site-packages\kombu\messaging.py", line 172, in publish
    routing_key, mandatory, immediate, exchange, declare)
  File "C:\Python34\lib\site-packages\kombu\connection.py", line 457, in _ensured
    interval_max)
  File "C:\Python34\lib\site-packages\kombu\connection.py", line 369, in ensure_connection
    interval_start, interval_step, interval_max, callback)
  File "C:\Python34\lib\site-packages\kombu\utils\__init__.py", line 246, in retry_over_time
    return fun(*args, **kwargs)
  File "C:\Python34\lib\site-packages\kombu\connection.py", line 237, in connect
    return self.connection
  File "C:\Python34\lib\site-packages\kombu\connection.py", line 741, in connection
    self._connection = self._establish_connection()
  File "C:\Python34\lib\site-packages\kombu\connection.py", line 696, in _establish_connection
    conn = self.transport.establish_connection()
  File "C:\Python34\lib\site-packages\kombu\transport\pyamqp.py", line 116, in establish_connection
    conn = self.Connection(**opts)
  File "C:\Python34\lib\site-packages\amqp\connection.py", line 165, in __init__
    self.transport = self.Transport(host, connect_timeout, ssl)
  File "C:\Python34\lib\site-packages\amqp\connection.py", line 186, in Transport
    return create_transport(host, connect_timeout, ssl)
  File "C:\Python34\lib\site-packages\amqp\transport.py", line 299, in create_transport
    return TCPTransport(host, connect_timeout)
  File "C:\Python34\lib\site-packages\amqp\transport.py", line 95, in __init__
    raise socket.error(last_err)
OSError: [WinError 10061] 由于目标计算机积极拒绝，无法连接。

During handling of the above exception, another exception occurred:

Traceback (most recent call last):
  File "C:\Python34\lib\site-packages\django\core\handlers\base.py", line 132, in get_response
    response = wrapped_callback(request, *callback_args, **callback_kwargs)
  File "C:\Python34\lib\site-packages\django\views\decorators\csrf.py", line 58, in wrapped_view
    return view_func(*args, **kwargs)
  File "C:\uav\frontend\views\ajax\frontend_all_job_rtree_ajax.py", line 57, in frontend_all_job_rtree_ajax
    messages.warning(request, '数据出错，请联系管理员')
NameError: name 'messages' is not defined
ERROR 2016-11-15 15:17:43,805 Internal Server Error: /frontend/all_job_rtree_ajax/
Traceback (most recent call last):
  File "C:\Python34\lib\site-packages\kombu\utils\__init__.py", line 423, in __call__
    return self.__value__
AttributeError: 'ChannelPromise' object has no attribute '__value__'

During handling of the above exception, another exception occurred:

Traceback (most recent call last):
  File "C:\Python34\lib\site-packages\kombu\connection.py", line 436, in _ensured
    return fun(*args, **kwargs)
  File "C:\Python34\lib\site-packages\kombu\messaging.py", line 177, in _publish
    channel = self.channel
  File "C:\Python34\lib\site-packages\kombu\messaging.py", line 194, in _get_channel
    channel = self._channel = channel()
  File "C:\Python34\lib\site-packages\kombu\utils\__init__.py", line 425, in __call__
    value = self.__value__ = self.__contract__()
  File "C:\Python34\lib\site-packages\kombu\messaging.py", line 209, in <lambda>
    channel = ChannelPromise(lambda: connection.default_channel)
  File "C:\Python34\lib\site-packages\kombu\connection.py", line 756, in default_channel
    self.connection
  File "C:\Python34\lib\site-packages\kombu\connection.py", line 741, in connection
    self._connection = self._establish_connection()
  File "C:\Python34\lib\site-packages\kombu\connection.py", line 696, in _establish_connection
    conn = self.transport.establish_connection()
  File "C:\Python34\lib\site-packages\kombu\transport\pyamqp.py", line 116, in establish_connection
    conn = self.Connection(**opts)
  File "C:\Python34\lib\site-packages\amqp\connection.py", line 165, in __init__
    self.transport = self.Transport(host, connect_timeout, ssl)
  File "C:\Python34\lib\site-packages\amqp\connection.py", line 186, in Transport
    return create_transport(host, connect_timeout, ssl)
  File "C:\Python34\lib\site-packages\amqp\transport.py", line 299, in create_transport
    return TCPTransport(host, connect_timeout)
  File "C:\Python34\lib\site-packages\amqp\transport.py", line 95, in __init__
    raise socket.error(last_err)
OSError: [WinError 10061] 由于目标计算机积极拒绝，无法连接。

During handling of the above exception, another exception occurred:

Traceback (most recent call last):
  File "C:\uav\frontend\views\ajax\frontend_all_job_rtree_ajax.py", line 52, in frontend_all_job_rtree_ajax
    All_Job_Rtree_Logger.delay(nowuser,(lng_min+lng_max)/2,(lat_min+lat_max)/2)
  File "C:\Python34\lib\site-packages\celery\app\task.py", line 453, in delay
    return self.apply_async(args, kwargs)
  File "C:\Python34\lib\site-packages\celery\app\task.py", line 560, in apply_async
    **dict(self._get_exec_options(), **options)
  File "C:\Python34\lib\site-packages\celery\app\base.py", line 354, in send_task
    reply_to=reply_to or self.oid, **options
  File "C:\Python34\lib\site-packages\celery\app\amqp.py", line 305, in publish_task
    **kwargs
  File "C:\Python34\lib\site-packages\kombu\messaging.py", line 172, in publish
    routing_key, mandatory, immediate, exchange, declare)
  File "C:\Python34\lib\site-packages\kombu\connection.py", line 457, in _ensured
    interval_max)
  File "C:\Python34\lib\site-packages\kombu\connection.py", line 369, in ensure_connection
    interval_start, interval_step, interval_max, callback)
  File "C:\Python34\lib\site-packages\kombu\utils\__init__.py", line 246, in retry_over_time
    return fun(*args, **kwargs)
  File "C:\Python34\lib\site-packages\kombu\connection.py", line 237, in connect
    return self.connection
  File "C:\Python34\lib\site-packages\kombu\connection.py", line 741, in connection
    self._connection = self._establish_connection()
  File "C:\Python34\lib\site-packages\kombu\connection.py", line 696, in _establish_connection
    conn = self.transport.establish_connection()
  File "C:\Python34\lib\site-packages\kombu\transport\pyamqp.py", line 116, in establish_connection
    conn = self.Connection(**opts)
  File "C:\Python34\lib\site-packages\amqp\connection.py", line 165, in __init__
    self.transport = self.Transport(host, connect_timeout, ssl)
  File "C:\Python34\lib\site-packages\amqp\connection.py", line 186, in Transport
    return create_transport(host, connect_timeout, ssl)
  File "C:\Python34\lib\site-packages\amqp\transport.py", line 299, in create_transport
    return TCPTransport(host, connect_timeout)
  File "C:\Python34\lib\site-packages\amqp\transport.py", line 95, in __init__
    raise socket.error(last_err)
OSError: [WinError 10061] 由于目标计算机积极拒绝，无法连接。

During handling of the above exception, another exception occurred:

Traceback (most recent call last):
  File "C:\Python34\lib\site-packages\django\core\handlers\base.py", line 132, in get_response
    response = wrapped_callback(request, *callback_args, **callback_kwargs)
  File "C:\Python34\lib\site-packages\django\views\decorators\csrf.py", line 58, in wrapped_view
    return view_func(*args, **kwargs)
  File "C:\uav\frontend\views\ajax\frontend_all_job_rtree_ajax.py", line 57, in frontend_all_job_rtree_ajax
    messages.warning(request, '数据出错，请联系管理员')
NameError: name 'messages' is not defined
ERROR 2016-11-15 15:17:43,805 Internal Server Error: /frontend/all_job_rtree_ajax/
Traceback (most recent call last):
  File "C:\Python34\lib\site-packages\kombu\utils\__init__.py", line 423, in __call__
    return self.__value__
AttributeError: 'ChannelPromise' object has no attribute '__value__'

During handling of the above exception, another exception occurred:

Traceback (most recent call last):
  File "C:\Python34\lib\site-packages\kombu\connection.py", line 436, in _ensured
    return fun(*args, **kwargs)
  File "C:\Python34\lib\site-packages\kombu\messaging.py", line 177, in _publish
    channel = self.channel
  File "C:\Python34\lib\site-packages\kombu\messaging.py", line 194, in _get_channel
    channel = self._channel = channel()
  File "C:\Python34\lib\site-packages\kombu\utils\__init__.py", line 425, in __call__
    value = self.__value__ = self.__contract__()
  File "C:\Python34\lib\site-packages\kombu\messaging.py", line 209, in <lambda>
    channel = ChannelPromise(lambda: connection.default_channel)
  File "C:\Python34\lib\site-packages\kombu\connection.py", line 756, in default_channel
    self.connection
  File "C:\Python34\lib\site-packages\kombu\connection.py", line 741, in connection
    self._connection = self._establish_connection()
  File "C:\Python34\lib\site-packages\kombu\connection.py", line 696, in _establish_connection
    conn = self.transport.establish_connection()
  File "C:\Python34\lib\site-packages\kombu\transport\pyamqp.py", line 116, in establish_connection
    conn = self.Connection(**opts)
  File "C:\Python34\lib\site-packages\amqp\connection.py", line 165, in __init__
    self.transport = self.Transport(host, connect_timeout, ssl)
  File "C:\Python34\lib\site-packages\amqp\connection.py", line 186, in Transport
    return create_transport(host, connect_timeout, ssl)
  File "C:\Python34\lib\site-packages\amqp\transport.py", line 299, in create_transport
    return TCPTransport(host, connect_timeout)
  File "C:\Python34\lib\site-packages\amqp\transport.py", line 95, in __init__
    raise socket.error(last_err)
OSError: [WinError 10061] 由于目标计算机积极拒绝，无法连接。

During handling of the above exception, another exception occurred:

Traceback (most recent call last):
  File "C:\uav\frontend\views\ajax\frontend_all_job_rtree_ajax.py", line 52, in frontend_all_job_rtree_ajax
    All_Job_Rtree_Logger.delay(nowuser,(lng_min+lng_max)/2,(lat_min+lat_max)/2)
  File "C:\Python34\lib\site-packages\celery\app\task.py", line 453, in delay
    return self.apply_async(args, kwargs)
  File "C:\Python34\lib\site-packages\celery\app\task.py", line 560, in apply_async
    **dict(self._get_exec_options(), **options)
  File "C:\Python34\lib\site-packages\celery\app\base.py", line 354, in send_task
    reply_to=reply_to or self.oid, **options
  File "C:\Python34\lib\site-packages\celery\app\amqp.py", line 305, in publish_task
    **kwargs
  File "C:\Python34\lib\site-packages\kombu\messaging.py", line 172, in publish
    routing_key, mandatory, immediate, exchange, declare)
  File "C:\Python34\lib\site-packages\kombu\connection.py", line 457, in _ensured
    interval_max)
  File "C:\Python34\lib\site-packages\kombu\connection.py", line 369, in ensure_connection
    interval_start, interval_step, interval_max, callback)
  File "C:\Python34\lib\site-packages\kombu\utils\__init__.py", line 246, in retry_over_time
    return fun(*args, **kwargs)
  File "C:\Python34\lib\site-packages\kombu\connection.py", line 237, in connect
    return self.connection
  File "C:\Python34\lib\site-packages\kombu\connection.py", line 741, in connection
    self._connection = self._establish_connection()
  File "C:\Python34\lib\site-packages\kombu\connection.py", line 696, in _establish_connection
    conn = self.transport.establish_connection()
  File "C:\Python34\lib\site-packages\kombu\transport\pyamqp.py", line 116, in establish_connection
    conn = self.Connection(**opts)
  File "C:\Python34\lib\site-packages\amqp\connection.py", line 165, in __init__
    self.transport = self.Transport(host, connect_timeout, ssl)
  File "C:\Python34\lib\site-packages\amqp\connection.py", line 186, in Transport
    return create_transport(host, connect_timeout, ssl)
  File "C:\Python34\lib\site-packages\amqp\transport.py", line 299, in create_transport
    return TCPTransport(host, connect_timeout)
  File "C:\Python34\lib\site-packages\amqp\transport.py", line 95, in __init__
    raise socket.error(last_err)
OSError: [WinError 10061] 由于目标计算机积极拒绝，无法连接。

During handling of the above exception, another exception occurred:

Traceback (most recent call last):
  File "C:\Python34\lib\site-packages\django\core\handlers\base.py", line 132, in get_response
    response = wrapped_callback(request, *callback_args, **callback_kwargs)
  File "C:\Python34\lib\site-packages\django\views\decorators\csrf.py", line 58, in wrapped_view
    return view_func(*args, **kwargs)
  File "C:\uav\frontend\views\ajax\frontend_all_job_rtree_ajax.py", line 57, in frontend_all_job_rtree_ajax
    messages.warning(request, '数据出错，请联系管理员')
NameError: name 'messages' is not defined
WARNING 2016-11-15 15:30:40,578 Not Found: /announce.php
WARNING 2016-11-15 15:30:40,579 Not Found: /announce.php
WARNING 2016-11-15 15:30:40,580 Not Found: /announce.php
WARNING 2016-11-15 15:30:40,578 Not Found: /announce.php
WARNING 2016-11-15 15:30:40,579 Not Found: /announce.php
WARNING 2016-11-15 15:30:40,580 Not Found: /announce.php
WARNING 2016-11-15 15:30:43,574 Not Found: /announce.php
WARNING 2016-11-15 15:30:43,575 Not Found: /announce.php
WARNING 2016-11-15 15:30:43,576 Not Found: /announce.php
WARNING 2016-11-15 15:30:43,577 Not Found: /announce.php
WARNING 2016-11-15 15:30:43,574 Not Found: /announce.php
WARNING 2016-11-15 15:30:43,575 Not Found: /announce.php
WARNING 2016-11-15 15:30:43,576 Not Found: /announce.php
WARNING 2016-11-15 15:30:43,577 Not Found: /announce.php
WARNING 2016-11-15 15:32:52,595 Not Found: /announce.php
WARNING 2016-11-15 15:32:52,597 Not Found: /announce.php
WARNING 2016-11-15 15:32:52,599 Not Found: /announce.php
WARNING 2016-11-15 15:32:52,601 Not Found: /announce.php
WARNING 2016-11-15 15:32:52,595 Not Found: /announce.php
WARNING 2016-11-15 15:32:52,597 Not Found: /announce.php
WARNING 2016-11-15 15:32:52,599 Not Found: /announce.php
WARNING 2016-11-15 15:32:52,601 Not Found: /announce.php
WARNING 2016-11-15 15:32:55,589 Not Found: /announce.php
WARNING 2016-11-15 15:32:55,591 Not Found: /announce.php
WARNING 2016-11-15 15:32:55,589 Not Found: /announce.php
WARNING 2016-11-15 15:32:55,591 Not Found: /announce.php
WARNING 2016-11-15 15:35:10,587 Not Found: /announce.php
WARNING 2016-11-15 15:35:10,588 Not Found: /announce.php
WARNING 2016-11-15 15:35:10,589 Not Found: /announce.php
WARNING 2016-11-15 15:35:10,590 Not Found: /announce.php
WARNING 2016-11-15 15:35:10,587 Not Found: /announce.php
WARNING 2016-11-15 15:35:10,588 Not Found: /announce.php
WARNING 2016-11-15 15:35:10,589 Not Found: /announce.php
WARNING 2016-11-15 15:35:10,590 Not Found: /announce.php
WARNING 2016-11-15 15:35:13,594 Not Found: /announce.php
WARNING 2016-11-15 15:35:13,596 Not Found: /announce.php
WARNING 2016-11-15 15:35:13,598 Not Found: /announce.php
WARNING 2016-11-15 15:35:13,594 Not Found: /announce.php
WARNING 2016-11-15 15:35:13,600 Not Found: /announce.php
WARNING 2016-11-15 15:35:13,596 Not Found: /announce.php
WARNING 2016-11-15 15:35:13,598 Not Found: /announce.php
WARNING 2016-11-15 15:35:13,600 Not Found: /announce.php
WARNING 2016-11-15 15:37:31,615 Not Found: /announce.php
WARNING 2016-11-15 15:37:31,618 Not Found: /announce.php
WARNING 2016-11-15 15:37:31,619 Not Found: /announce.php
WARNING 2016-11-15 15:37:31,615 Not Found: /announce.php
WARNING 2016-11-15 15:37:31,620 Not Found: /announce.php
WARNING 2016-11-15 15:37:31,618 Not Found: /announce.php
WARNING 2016-11-15 15:37:31,619 Not Found: /announce.php
WARNING 2016-11-15 15:37:31,620 Not Found: /announce.php
WARNING 2016-11-15 15:37:34,586 Not Found: /announce.php
WARNING 2016-11-15 15:37:34,587 Not Found: /announce.php
WARNING 2016-11-15 15:37:34,588 Not Found: /announce.php
WARNING 2016-11-15 15:37:34,588 Not Found: /announce.php
WARNING 2016-11-15 15:37:34,586 Not Found: /announce.php
WARNING 2016-11-15 15:37:34,587 Not Found: /announce.php
WARNING 2016-11-15 15:37:34,588 Not Found: /announce.php
WARNING 2016-11-15 15:37:34,588 Not Found: /announce.php
WARNING 2016-11-15 15:39:52,585 Not Found: /announce.php
WARNING 2016-11-15 15:39:52,586 Not Found: /announce.php
WARNING 2016-11-15 15:39:52,587 Not Found: /announce.php
WARNING 2016-11-15 15:39:52,588 Not Found: /announce.php
WARNING 2016-11-15 15:39:52,585 Not Found: /announce.php
WARNING 2016-11-15 15:39:52,586 Not Found: /announce.php
WARNING 2016-11-15 15:39:52,587 Not Found: /announce.php
WARNING 2016-11-15 15:39:52,588 Not Found: /announce.php
WARNING 2016-11-15 15:39:55,596 Not Found: /announce.php
WARNING 2016-11-15 15:39:55,596 Not Found: /announce.php
WARNING 2016-11-15 15:39:55,597 Not Found: /announce.php
WARNING 2016-11-15 15:39:55,596 Not Found: /announce.php
WARNING 2016-11-15 15:39:55,596 Not Found: /announce.php
WARNING 2016-11-15 15:39:55,597 Not Found: /announce.php
WARNING 2016-11-15 15:42:10,593 Not Found: /announce.php
WARNING 2016-11-15 15:42:10,593 Not Found: /announce.php
WARNING 2016-11-15 16:00:43,633 Not Found: /announce.php
WARNING 2016-11-15 16:00:43,636 Not Found: /announce.php
WARNING 2016-11-15 16:00:43,638 Not Found: /announce.php
WARNING 2016-11-15 16:00:43,633 Not Found: /announce.php
WARNING 2016-11-15 16:00:43,636 Not Found: /announce.php
WARNING 2016-11-15 16:00:43,638 Not Found: /announce.php
WARNING 2016-11-15 16:00:46,582 Not Found: /announce.php
WARNING 2016-11-15 16:00:46,585 Not Found: /announce.php
WARNING 2016-11-15 16:00:46,587 Not Found: /announce.php
WARNING 2016-11-15 16:00:46,587 Not Found: /announce.php
WARNING 2016-11-15 16:00:46,589 Not Found: /announce.php
WARNING 2016-11-15 16:00:46,585 Not Found: /announce.php
WARNING 2016-11-15 16:00:46,582 Not Found: /announce.php
WARNING 2016-11-15 16:00:46,589 Not Found: /announce.php
WARNING 2016-11-15 16:02:55,586 Not Found: /announce.php
WARNING 2016-11-15 16:02:55,587 Not Found: /announce.php
WARNING 2016-11-15 16:02:55,588 Not Found: /announce.php
WARNING 2016-11-15 16:02:55,589 Not Found: /announce.php
WARNING 2016-11-15 16:02:55,586 Not Found: /announce.php
WARNING 2016-11-15 16:02:55,587 Not Found: /announce.php
WARNING 2016-11-15 16:02:55,588 Not Found: /announce.php
WARNING 2016-11-15 16:02:55,589 Not Found: /announce.php
WARNING 2016-11-15 16:02:58,600 Not Found: /announce.php
WARNING 2016-11-15 16:02:58,601 Not Found: /announce.php
WARNING 2016-11-15 16:02:58,600 Not Found: /announce.php
WARNING 2016-11-15 16:02:58,601 Not Found: /announce.php
WARNING 2016-11-15 16:05:13,597 Not Found: /announce.php
WARNING 2016-11-15 16:05:13,597 Not Found: /announce.php
WARNING 2016-11-15 16:05:13,598 Not Found: /announce.php
WARNING 2016-11-15 16:05:13,597 Not Found: /announce.php
WARNING 2016-11-15 16:05:13,599 Not Found: /announce.php
WARNING 2016-11-15 16:05:13,597 Not Found: /announce.php
WARNING 2016-11-15 16:05:13,598 Not Found: /announce.php
WARNING 2016-11-15 16:05:13,599 Not Found: /announce.php
WARNING 2016-11-15 16:05:16,599 Not Found: /announce.php
WARNING 2016-11-15 16:05:16,600 Not Found: /announce.php
WARNING 2016-11-15 16:05:16,600 Not Found: /announce.php
WARNING 2016-11-15 16:05:16,601 Not Found: /announce.php
WARNING 2016-11-15 16:05:16,599 Not Found: /announce.php
WARNING 2016-11-15 16:05:16,600 Not Found: /announce.php
WARNING 2016-11-15 16:05:16,600 Not Found: /announce.php
WARNING 2016-11-15 16:05:16,601 Not Found: /announce.php
WARNING 2016-11-15 16:07:34,585 Not Found: /announce.php
WARNING 2016-11-15 16:07:34,587 Not Found: /announce.php
WARNING 2016-11-15 16:07:34,585 Not Found: /announce.php
WARNING 2016-11-15 16:07:34,588 Not Found: /announce.php
WARNING 2016-11-15 16:07:34,587 Not Found: /announce.php
WARNING 2016-11-15 16:07:34,588 Not Found: /announce.php
WARNING 2016-11-15 16:07:34,588 Not Found: /announce.php
WARNING 2016-11-15 16:07:34,588 Not Found: /announce.php
WARNING 2016-11-15 16:07:37,590 Not Found: /announce.php
WARNING 2016-11-15 16:07:37,591 Not Found: /announce.php
WARNING 2016-11-15 16:07:37,592 Not Found: /announce.php
WARNING 2016-11-15 16:07:37,590 Not Found: /announce.php
WARNING 2016-11-15 16:07:37,593 Not Found: /announce.php
WARNING 2016-11-15 16:07:37,591 Not Found: /announce.php
WARNING 2016-11-15 16:07:37,592 Not Found: /announce.php
WARNING 2016-11-15 16:07:37,593 Not Found: /announce.php
WARNING 2016-11-15 16:09:55,585 Not Found: /announce.php
WARNING 2016-11-15 16:09:55,586 Not Found: /announce.php
WARNING 2016-11-15 16:09:55,587 Not Found: /announce.php
WARNING 2016-11-15 16:09:55,588 Not Found: /announce.php
WARNING 2016-11-15 16:09:55,585 Not Found: /announce.php
WARNING 2016-11-15 16:09:55,586 Not Found: /announce.php
WARNING 2016-11-15 16:09:55,587 Not Found: /announce.php
WARNING 2016-11-15 16:09:55,588 Not Found: /announce.php
WARNING 2016-11-15 16:09:58,586 Not Found: /announce.php
WARNING 2016-11-15 16:09:58,586 Not Found: /announce.php
WARNING 2016-11-15 16:09:58,587 Not Found: /announce.php
WARNING 2016-11-15 16:09:58,586 Not Found: /announce.php
WARNING 2016-11-15 16:09:58,586 Not Found: /announce.php
WARNING 2016-11-15 16:09:58,587 Not Found: /announce.php
WARNING 2016-11-15 16:12:13,593 Not Found: /announce.php
WARNING 2016-11-15 16:12:13,593 Not Found: /announce.php
